{"meta": {"format": 3, "version": "7.6.1", "timestamp": "2024-08-14T12:34:02.563629", "branch_coverage": false, "show_contexts": false}, "files": {"dj_waanverse_auth\\admin.py": {"executed_lines": [1, 2, 4, 7, 32, 33, 34, 35, 36], "summary": {"covered_lines": 9, "num_statements": 25, "percent_covered": 36.0, "percent_covered_display": "36", "missing_lines": 16, "excluded_lines": 0}, "missing_lines": [8, 10, 11, 12, 14, 15, 16, 18, 19, 20, 22, 23, 24, 26, 27, 28], "excluded_lines": [], "functions": {"": {"executed_lines": [1, 2, 4, 7, 32, 33, 34, 35, 36], "summary": {"covered_lines": 9, "num_statements": 25, "percent_covered": 36.0, "percent_covered_display": "36", "missing_lines": 16, "excluded_lines": 0}, "missing_lines": [8, 10, 11, 12, 14, 15, 16, 18, 19, 20, 22, 23, 24, 26, 27, 28], "excluded_lines": []}}, "classes": {"EmailConfirmationCodeAdminClass": {"executed_lines": [], "summary": {"covered_lines": 0, "num_statements": 0, "percent_covered": 100.0, "percent_covered_display": "100", "missing_lines": 0, "excluded_lines": 0}, "missing_lines": [], "excluded_lines": []}, "UserLoginActivityAdminClass": {"executed_lines": [], "summary": {"covered_lines": 0, "num_statements": 0, "percent_covered": 100.0, "percent_covered_display": "100", "missing_lines": 0, "excluded_lines": 0}, "missing_lines": [], "excluded_lines": []}, "ResetPasswordCodeAdminClass": {"executed_lines": [], "summary": {"covered_lines": 0, "num_statements": 0, "percent_covered": 100.0, "percent_covered_display": "100", "missing_lines": 0, "excluded_lines": 0}, "missing_lines": [], "excluded_lines": []}, "EmailAddressAdminClass": {"executed_lines": [], "summary": {"covered_lines": 0, "num_statements": 0, "percent_covered": 100.0, "percent_covered_display": "100", "missing_lines": 0, "excluded_lines": 0}, "missing_lines": [], "excluded_lines": []}, "MultiFactorAuthAdminClass": {"executed_lines": [], "summary": {"covered_lines": 0, "num_statements": 0, "percent_covered": 100.0, "percent_covered_display": "100", "missing_lines": 0, "excluded_lines": 0}, "missing_lines": [], "excluded_lines": []}, "": {"executed_lines": [1, 2, 4, 7, 32, 33, 34, 35, 36], "summary": {"covered_lines": 9, "num_statements": 25, "percent_covered": 36.0, "percent_covered_display": "36", "missing_lines": 16, "excluded_lines": 0}, "missing_lines": [8, 10, 11, 12, 14, 15, 16, 18, 19, 20, 22, 23, 24, 26, 27, 28], "excluded_lines": []}}}, "dj_waanverse_auth\\apps.py": {"executed_lines": [3, 6, 7, 8, 9, 10, 12, 13], "summary": {"covered_lines": 8, "num_statements": 8, "percent_covered": 100.0, "percent_covered_display": "100", "missing_lines": 0, "excluded_lines": 0}, "missing_lines": [], "excluded_lines": [], "functions": {"AccountsConfig.ready": {"executed_lines": [13], "summary": {"covered_lines": 1, "num_statements": 1, "percent_covered": 100.0, "percent_covered_display": "100", "missing_lines": 0, "excluded_lines": 0}, "missing_lines": [], "excluded_lines": []}, "": {"executed_lines": [3, 6, 7, 8, 9, 10, 12], "summary": {"covered_lines": 7, "num_statements": 7, "percent_covered": 100.0, "percent_covered_display": "100", "missing_lines": 0, "excluded_lines": 0}, "missing_lines": [], "excluded_lines": []}}, "classes": {"AccountsConfig": {"executed_lines": [13], "summary": {"covered_lines": 1, "num_statements": 1, "percent_covered": 100.0, "percent_covered_display": "100", "missing_lines": 0, "excluded_lines": 0}, "missing_lines": [], "excluded_lines": []}, "": {"executed_lines": [3, 6, 7, 8, 9, 10, 12], "summary": {"covered_lines": 7, "num_statements": 7, "percent_covered": 100.0, "percent_covered_display": "100", "missing_lines": 0, "excluded_lines": 0}, "missing_lines": [], "excluded_lines": []}}}, "dj_waanverse_auth\\backends.py": {"executed_lines": [2, 3, 4, 5, 7, 9, 12, 13, 17, 19, 20, 21, 22, 23, 26, 27, 28, 29, 31, 32, 33, 34, 36, 37, 38, 39, 41, 43, 44, 45, 46, 47, 48, 49, 51, 52, 53, 54, 55, 56, 57, 59, 60, 61, 62, 63, 64, 65, 67, 77, 78, 80, 81, 85, 86, 87, 88, 89, 90, 95], "summary": {"covered_lines": 59, "num_statements": 68, "percent_covered": 86.76470588235294, "percent_covered_display": "87", "missing_lines": 9, "excluded_lines": 0}, "missing_lines": [68, 69, 70, 71, 72, 74, 82, 91, 93], "excluded_lines": [], "functions": {"CustomAuthBackend.authenticate": {"executed_lines": [19, 20, 21, 22, 23, 26, 27, 28, 29, 31, 32, 33, 34, 36, 37, 38, 39, 41], "summary": {"covered_lines": 18, "num_statements": 18, "percent_covered": 100.0, "percent_covered_display": "100", "missing_lines": 0, "excluded_lines": 0}, "missing_lines": [], "excluded_lines": []}, "CustomAuthBackend._authenticate_with_username": {"executed_lines": [44, 45, 46, 47, 48, 49], "summary": {"covered_lines": 6, "num_statements": 6, "percent_covered": 100.0, "percent_covered_display": "100", "missing_lines": 0, "excluded_lines": 0}, "missing_lines": [], "excluded_lines": []}, "CustomAuthBackend._authenticate_with_email": {"executed_lines": [52, 53, 54, 55, 56, 57], "summary": {"covered_lines": 6, "num_statements": 6, "percent_covered": 100.0, "percent_covered_display": "100", "missing_lines": 0, "excluded_lines": 0}, "missing_lines": [], "excluded_lines": []}, "CustomAuthBackend._authenticate_with_phone_number": {"executed_lines": [60, 61, 62, 63, 64, 65], "summary": {"covered_lines": 6, "num_statements": 6, "percent_covered": 100.0, "percent_covered_display": "100", "missing_lines": 0, "excluded_lines": 0}, "missing_lines": [], "excluded_lines": []}, "CustomAuthBackend.get_user": {"executed_lines": [], "summary": {"covered_lines": 0, "num_statements": 6, "percent_covered": 0.0, "percent_covered_display": "0", "missing_lines": 6, "excluded_lines": 0}, "missing_lines": [68, 69, 70, 71, 72, 74], "excluded_lines": []}, "JWTAuthentication.authenticate": {"executed_lines": [80, 81, 85, 86, 87, 88, 89, 90, 95], "summary": {"covered_lines": 9, "num_statements": 12, "percent_covered": 75.0, "percent_covered_display": "75", "missing_lines": 3, "excluded_lines": 0}, "missing_lines": [82, 91, 93], "excluded_lines": []}, "": {"executed_lines": [2, 3, 4, 5, 7, 9, 12, 13, 17, 43, 51, 59, 67, 77, 78], "summary": {"covered_lines": 14, "num_statements": 14, "percent_covered": 100.0, "percent_covered_display": "100", "missing_lines": 0, "excluded_lines": 0}, "missing_lines": [], "excluded_lines": []}}, "classes": {"CustomAuthBackend": {"executed_lines": [19, 20, 21, 22, 23, 26, 27, 28, 29, 31, 32, 33, 34, 36, 37, 38, 39, 41, 44, 45, 46, 47, 48, 49, 52, 53, 54, 55, 56, 57, 60, 61, 62, 63, 64, 65], "summary": {"covered_lines": 36, "num_statements": 42, "percent_covered": 85.71428571428571, "percent_covered_display": "86", "missing_lines": 6, "excluded_lines": 0}, "missing_lines": [68, 69, 70, 71, 72, 74], "excluded_lines": []}, "JWTAuthentication": {"executed_lines": [80, 81, 85, 86, 87, 88, 89, 90, 95], "summary": {"covered_lines": 9, "num_statements": 12, "percent_covered": 75.0, "percent_covered_display": "75", "missing_lines": 3, "excluded_lines": 0}, "missing_lines": [82, 91, 93], "excluded_lines": []}, "": {"executed_lines": [2, 3, 4, 5, 7, 9, 12, 13, 17, 43, 51, 59, 67, 77, 78], "summary": {"covered_lines": 14, "num_statements": 14, "percent_covered": 100.0, "percent_covered_display": "100", "missing_lines": 0, "excluded_lines": 0}, "missing_lines": [], "excluded_lines": []}}}, "dj_waanverse_auth\\messages.py": {"executed_lines": [1, 4, 5, 6, 7, 8, 9, 10, 11, 12, 13, 14, 15, 16, 17, 18, 19, 20, 21, 22, 23, 24, 25, 26, 27, 28, 31, 32, 35, 36, 37, 38, 39, 40, 41, 42, 43, 44, 45, 46, 47, 50, 51, 52, 53, 54, 57, 58, 61, 62, 63], "summary": {"covered_lines": 51, "num_statements": 51, "percent_covered": 100.0, "percent_covered_display": "100", "missing_lines": 0, "excluded_lines": 0}, "missing_lines": [], "excluded_lines": [], "functions": {"": {"executed_lines": [1, 4, 5, 6, 7, 8, 9, 10, 11, 12, 13, 14, 15, 16, 17, 18, 19, 20, 21, 22, 23, 24, 25, 26, 27, 28, 31, 32, 35, 36, 37, 38, 39, 40, 41, 42, 43, 44, 45, 46, 47, 50, 51, 52, 53, 54, 57, 58, 61, 62, 63], "summary": {"covered_lines": 51, "num_statements": 51, "percent_covered": 100.0, "percent_covered_display": "100", "missing_lines": 0, "excluded_lines": 0}, "missing_lines": [], "excluded_lines": []}}, "classes": {"MessagesSchema": {"executed_lines": [], "summary": {"covered_lines": 0, "num_statements": 0, "percent_covered": 100.0, "percent_covered_display": "100", "missing_lines": 0, "excluded_lines": 0}, "missing_lines": [], "excluded_lines": []}, "Messages": {"executed_lines": [], "summary": {"covered_lines": 0, "num_statements": 0, "percent_covered": 100.0, "percent_covered_display": "100", "missing_lines": 0, "excluded_lines": 0}, "missing_lines": [], "excluded_lines": []}, "": {"executed_lines": [1, 4, 5, 6, 7, 8, 9, 10, 11, 12, 13, 14, 15, 16, 17, 18, 19, 20, 21, 22, 23, 24, 25, 26, 27, 28, 31, 32, 35, 36, 37, 38, 39, 40, 41, 42, 43, 44, 45, 46, 47, 50, 51, 52, 53, 54, 57, 58, 61, 62, 63], "summary": {"covered_lines": 51, "num_statements": 51, "percent_covered": 100.0, "percent_covered_display": "100", "missing_lines": 0, "excluded_lines": 0}, "missing_lines": [], "excluded_lines": []}}}, "dj_waanverse_auth\\middleware.py": {"executed_lines": [1, 4, 6, 7, 9, 11, 12, 13, 19, 20, 21], "summary": {"covered_lines": 11, "num_statements": 13, "percent_covered": 84.61538461538461, "percent_covered_display": "85", "missing_lines": 2, "excluded_lines": 0}, "missing_lines": [16, 17], "excluded_lines": [], "functions": {"CookiesHandlerMiddleware.__init__": {"executed_lines": [7], "summary": {"covered_lines": 1, "num_statements": 1, "percent_covered": 100.0, "percent_covered_display": "100", "missing_lines": 0, "excluded_lines": 0}, "missing_lines": [], "excluded_lines": []}, "CookiesHandlerMiddleware.__call__": {"executed_lines": [11, 12, 13, 19, 20, 21], "summary": {"covered_lines": 6, "num_statements": 8, "percent_covered": 75.0, "percent_covered_display": "75", "missing_lines": 2, "excluded_lines": 0}, "missing_lines": [16, 17], "excluded_lines": []}, "": {"executed_lines": [1, 4, 6, 9], "summary": {"covered_lines": 4, "num_statements": 4, "percent_covered": 100.0, "percent_covered_display": "100", "missing_lines": 0, "excluded_lines": 0}, "missing_lines": [], "excluded_lines": []}}, "classes": {"CookiesHandlerMiddleware": {"executed_lines": [7, 11, 12, 13, 19, 20, 21], "summary": {"covered_lines": 7, "num_statements": 9, "percent_covered": 77.77777777777777, "percent_covered_display": "78", "missing_lines": 2, "excluded_lines": 0}, "missing_lines": [16, 17], "excluded_lines": []}, "": {"executed_lines": [1, 4, 6, 9], "summary": {"covered_lines": 4, "num_statements": 4, "percent_covered": 100.0, "percent_covered_display": "100", "missing_lines": 0, "excluded_lines": 0}, "missing_lines": [], "excluded_lines": []}}}, "dj_waanverse_auth\\models.py": {"executed_lines": [1, 4, 5, 7, 8, 9, 10, 12, 14, 17, 18, 19, 20, 21, 22, 23, 25, 27, 28, 30, 31, 32, 34, 38, 39, 40, 41, 43, 44, 48, 52, 54, 55, 57, 59, 60, 61, 62, 65, 67, 71, 72, 73, 74, 75, 77, 78, 79, 80, 82, 83, 90, 94, 95, 96, 97, 98, 102], "summary": {"covered_lines": 57, "num_statements": 66, "percent_covered": 86.36363636363636, "percent_covered_display": "86", "missing_lines": 9, "excluded_lines": 0}, "missing_lines": [35, 45, 46, 49, 68, 85, 88, 91, 103], "excluded_lines": [], "functions": {"MultiFactorAuth.generate_recovery_codes": {"executed_lines": [27, 28], "summary": {"covered_lines": 2, "num_statements": 2, "percent_covered": 100.0, "percent_covered_display": "100", "missing_lines": 0, "excluded_lines": 0}, "missing_lines": [], "excluded_lines": []}, "MultiFactorAuth.set_recovery_codes": {"executed_lines": [31, 32], "summary": {"covered_lines": 2, "num_statements": 2, "percent_covered": 100.0, "percent_covered_display": "100", "missing_lines": 0, "excluded_lines": 0}, "missing_lines": [], "excluded_lines": []}, "MultiFactorAuth.__str__": {"executed_lines": [], "summary": {"covered_lines": 0, "num_statements": 1, "percent_covered": 0.0, "percent_covered_display": "0", "missing_lines": 1, "excluded_lines": 0}, "missing_lines": [35], "excluded_lines": []}, "EmailConfirmationCode.is_expired": {"executed_lines": [], "summary": {"covered_lines": 0, "num_statements": 2, "percent_covered": 0.0, "percent_covered_display": "0", "missing_lines": 2, "excluded_lines": 0}, "missing_lines": [45, 46], "excluded_lines": []}, "EmailConfirmationCode.__str__": {"executed_lines": [], "summary": {"covered_lines": 0, "num_statements": 1, "percent_covered": 0.0, "percent_covered_display": "0", "missing_lines": 1, "excluded_lines": 0}, "missing_lines": [49], "excluded_lines": []}, "UserLoginActivity.__str__": {"executed_lines": [], "summary": {"covered_lines": 0, "num_statements": 1, "percent_covered": 0.0, "percent_covered_display": "0", "missing_lines": 1, "excluded_lines": 0}, "missing_lines": [68], "excluded_lines": []}, "ResetPasswordCode.is_expired": {"executed_lines": [79, 80], "summary": {"covered_lines": 2, "num_statements": 2, "percent_covered": 100.0, "percent_covered_display": "100", "missing_lines": 0, "excluded_lines": 0}, "missing_lines": [], "excluded_lines": []}, "ResetPasswordCode.cooldown_remaining": {"executed_lines": [], "summary": {"covered_lines": 0, "num_statements": 2, "percent_covered": 0.0, "percent_covered_display": "0", "missing_lines": 2, "excluded_lines": 0}, "missing_lines": [85, 88], "excluded_lines": []}, "ResetPasswordCode.__str__": {"executed_lines": [], "summary": {"covered_lines": 0, "num_statements": 1, "percent_covered": 0.0, "percent_covered_display": "0", "missing_lines": 1, "excluded_lines": 0}, "missing_lines": [91], "excluded_lines": []}, "EmailAddress.__str__": {"executed_lines": [], "summary": {"covered_lines": 0, "num_statements": 1, "percent_covered": 0.0, "percent_covered_display": "0", "missing_lines": 1, "excluded_lines": 0}, "missing_lines": [103], "excluded_lines": []}, "": {"executed_lines": [1, 4, 5, 7, 8, 9, 10, 12, 14, 17, 18, 19, 20, 21, 22, 23, 25, 30, 34, 38, 39, 40, 41, 43, 44, 48, 52, 54, 55, 57, 59, 60, 61, 62, 65, 67, 71, 72, 73, 74, 75, 77, 78, 82, 83, 90, 94, 95, 96, 97, 98, 102], "summary": {"covered_lines": 51, "num_statements": 51, "percent_covered": 100.0, "percent_covered_display": "100", "missing_lines": 0, "excluded_lines": 0}, "missing_lines": [], "excluded_lines": []}}, "classes": {"MultiFactorAuth": {"executed_lines": [27, 28, 31, 32], "summary": {"covered_lines": 4, "num_statements": 5, "percent_covered": 80.0, "percent_covered_display": "80", "missing_lines": 1, "excluded_lines": 0}, "missing_lines": [35], "excluded_lines": []}, "EmailConfirmationCode": {"executed_lines": [], "summary": {"covered_lines": 0, "num_statements": 3, "percent_covered": 0.0, "percent_covered_display": "0", "missing_lines": 3, "excluded_lines": 0}, "missing_lines": [45, 46, 49], "excluded_lines": []}, "UserLoginActivity": {"executed_lines": [], "summary": {"covered_lines": 0, "num_statements": 1, "percent_covered": 0.0, "percent_covered_display": "0", "missing_lines": 1, "excluded_lines": 0}, "missing_lines": [68], "excluded_lines": []}, "ResetPasswordCode": {"executed_lines": [79, 80], "summary": {"covered_lines": 2, "num_statements": 5, "percent_covered": 40.0, "percent_covered_display": "40", "missing_lines": 3, "excluded_lines": 0}, "missing_lines": [85, 88, 91], "excluded_lines": []}, "EmailAddress": {"executed_lines": [], "summary": {"covered_lines": 0, "num_statements": 1, "percent_covered": 0.0, "percent_covered_display": "0", "missing_lines": 1, "excluded_lines": 0}, "missing_lines": [103], "excluded_lines": []}, "": {"executed_lines": [1, 4, 5, 7, 8, 9, 10, 12, 14, 17, 18, 19, 20, 21, 22, 23, 25, 30, 34, 38, 39, 40, 41, 43, 44, 48, 52, 54, 55, 57, 59, 60, 61, 62, 65, 67, 71, 72, 73, 74, 75, 77, 78, 82, 83, 90, 94, 95, 96, 97, 98, 102], "summary": {"covered_lines": 51, "num_statements": 51, "percent_covered": 100.0, "percent_covered_display": "100", "missing_lines": 0, "excluded_lines": 0}, "missing_lines": [], "excluded_lines": []}}}, "dj_waanverse_auth\\serializers.py": {"executed_lines": [1, 2, 4, 5, 6, 7, 8, 9, 10, 11, 12, 13, 15, 17, 18, 19, 30, 31, 33, 36, 37, 38, 40, 41, 42, 45, 47, 48, 49, 51, 52, 56, 57, 61, 63, 65, 69, 71, 72, 77, 78, 80, 81, 83, 86, 87, 89, 90, 91, 92, 95, 98, 99, 102, 103, 105, 108, 109, 110, 111, 114, 115, 116, 117, 123, 124, 126, 127, 128, 129, 130, 134, 135, 138, 140, 141, 142, 143, 144, 145, 152, 153, 154, 156, 157, 158, 160, 161, 162, 164, 165, 171, 179, 180, 181, 183, 184, 185, 186, 187, 190, 191, 192, 193, 194, 196, 198, 199, 200, 202, 204, 205, 206, 208, 210, 212, 214, 216, 217, 220, 222, 224, 225, 226, 228, 229, 235, 237, 241, 243, 248, 249, 251, 252, 256, 259, 260, 262, 263, 264, 265, 266, 267, 268, 270, 271, 272, 274, 275, 284, 285, 287, 288, 289, 292, 294, 295, 296, 297, 299, 301, 325, 327, 330, 331, 334, 335, 341, 342, 345, 346, 347, 348, 349, 351, 352, 353, 354, 355, 358, 359, 364, 365, 366, 367, 370, 374, 376, 377, 378, 381, 382, 383, 384, 389, 393, 396, 397, 398, 400, 401, 405, 407, 408, 409, 410, 413, 417, 418, 423, 424, 431, 432, 434, 435, 436, 437, 438, 439, 440, 441, 457, 458], "summary": {"covered_lines": 223, "num_statements": 275, "percent_covered": 81.0909090909091, "percent_covered_display": "81", "missing_lines": 52, "excluded_lines": 0}, "missing_lines": [54, 58, 59, 73, 74, 136, 146, 147, 166, 167, 175, 176, 207, 209, 215, 218, 219, 238, 239, 245, 253, 269, 277, 278, 279, 280, 281, 304, 305, 307, 311, 312, 319, 320, 322, 323, 371, 372, 385, 386, 402, 414, 419, 420, 426, 427, 429, 430, 442, 456, 460, 461], "excluded_lines": [], "functions": {"TokenObtainSerializer.__init__": {"executed_lines": [41, 42, 45], "summary": {"covered_lines": 3, "num_statements": 3, "percent_covered": 100.0, "percent_covered_display": "100", "missing_lines": 0, "excluded_lines": 0}, "missing_lines": [], "excluded_lines": []}, "TokenObtainSerializer.validate": {"executed_lines": [48, 49, 51, 52, 56, 57, 61, 63, 65, 69], "summary": {"covered_lines": 10, "num_statements": 13, "percent_covered": 76.92307692307692, "percent_covered_display": "77", "missing_lines": 3, "excluded_lines": 0}, "missing_lines": [54, 58, 59], "excluded_lines": []}, "TokenObtainSerializer.get_token": {"executed_lines": [], "summary": {"covered_lines": 0, "num_statements": 2, "percent_covered": 0.0, "percent_covered_display": "0", "missing_lines": 2, "excluded_lines": 0}, "missing_lines": [73, 74], "excluded_lines": []}, "LoginSerializer.validate": {"executed_lines": [81, 83, 86, 87, 89, 90, 91, 92, 95, 98, 99, 102, 103, 105], "summary": {"covered_lines": 14, "num_statements": 14, "percent_covered": 100.0, "percent_covered_display": "100", "missing_lines": 0, "excluded_lines": 0}, "missing_lines": [], "excluded_lines": []}, "ResendVerificationEmailSerializer.validate_email": {"executed_lines": [127, 128, 129, 130, 134, 135, 138], "summary": {"covered_lines": 7, "num_statements": 8, "percent_covered": 87.5, "percent_covered_display": "88", "missing_lines": 1, "excluded_lines": 0}, "missing_lines": [136], "excluded_lines": []}, "ResendVerificationEmailSerializer.create": {"executed_lines": [141, 142, 143, 144, 145], "summary": {"covered_lines": 5, "num_statements": 7, "percent_covered": 71.42857142857143, "percent_covered_display": "71", "missing_lines": 2, "excluded_lines": 0}, "missing_lines": [146, 147], "excluded_lines": []}, "VerifyEmailSerializer.validate": {"executed_lines": [157, 158, 160, 161, 162, 164, 165, 171, 179, 180, 181], "summary": {"covered_lines": 11, "num_statements": 15, "percent_covered": 73.33333333333333, "percent_covered_display": "73", "missing_lines": 4, "excluded_lines": 0}, "missing_lines": [166, 167, 175, 176], "excluded_lines": []}, "VerifyEmailSerializer.verify_email": {"executed_lines": [185, 186, 187], "summary": {"covered_lines": 3, "num_statements": 3, "percent_covered": 100.0, "percent_covered_display": "100", "missing_lines": 0, "excluded_lines": 0}, "missing_lines": [], "excluded_lines": []}, "SignupSerializer.validate_email": {"executed_lines": [198, 199, 200], "summary": {"covered_lines": 3, "num_statements": 3, "percent_covered": 100.0, "percent_covered_display": "100", "missing_lines": 0, "excluded_lines": 0}, "missing_lines": [], "excluded_lines": []}, "SignupSerializer.validate_username": {"executed_lines": [204, 205, 206, 208, 210], "summary": {"covered_lines": 5, "num_statements": 7, "percent_covered": 71.42857142857143, "percent_covered_display": "71", "missing_lines": 2, "excluded_lines": 0}, "missing_lines": [207, 209], "excluded_lines": []}, "SignupSerializer.validate": {"executed_lines": [214, 216, 217, 220], "summary": {"covered_lines": 4, "num_statements": 7, "percent_covered": 57.142857142857146, "percent_covered_display": "57", "missing_lines": 3, "excluded_lines": 0}, "missing_lines": [215, 218, 219], "excluded_lines": []}, "SignupSerializer.create": {"executed_lines": [224, 225, 226, 228, 229, 235, 237, 241], "summary": {"covered_lines": 8, "num_statements": 10, "percent_covered": 80.0, "percent_covered_display": "80", "missing_lines": 2, "excluded_lines": 0}, "missing_lines": [238, 239], "excluded_lines": []}, "SignupSerializer.get_additional_fields": {"executed_lines": [], "summary": {"covered_lines": 0, "num_statements": 1, "percent_covered": 0.0, "percent_covered_display": "0", "missing_lines": 1, "excluded_lines": 0}, "missing_lines": [245], "excluded_lines": []}, "MfaCodeSerializer.validate_code": {"executed_lines": [252, 256], "summary": {"covered_lines": 2, "num_statements": 3, "percent_covered": 66.66666666666667, "percent_covered_display": "67", "missing_lines": 1, "excluded_lines": 0}, "missing_lines": [253], "excluded_lines": []}, "LogoutSerializer.validate": {"executed_lines": [263, 264, 265, 266, 267, 268, 270, 271, 272], "summary": {"covered_lines": 9, "num_statements": 10, "percent_covered": 90.0, "percent_covered_display": "90", "missing_lines": 1, "excluded_lines": 0}, "missing_lines": [269], "excluded_lines": []}, "LogoutSerializer.save": {"executed_lines": [275], "summary": {"covered_lines": 1, "num_statements": 6, "percent_covered": 16.666666666666668, "percent_covered_display": "17", "missing_lines": 5, "excluded_lines": 0}, "missing_lines": [277, 278, 279, 280, 281], "excluded_lines": []}, "ResetPasswordSerializer.validate_email": {"executed_lines": [288, 289, 292], "summary": {"covered_lines": 3, "num_statements": 3, "percent_covered": 100.0, "percent_covered_display": "100", "missing_lines": 0, "excluded_lines": 0}, "missing_lines": [], "excluded_lines": []}, "ResetPasswordSerializer.save": {"executed_lines": [295, 296, 297, 299, 301, 325, 327, 330, 331, 334, 335, 341, 342], "summary": {"covered_lines": 13, "num_statements": 22, "percent_covered": 59.09090909090909, "percent_covered_display": "59", "missing_lines": 9, "excluded_lines": 0}, "missing_lines": [304, 305, 307, 311, 312, 319, 320, 322, 323], "excluded_lines": []}, "VerifyResetPasswordSerializer.validate": {"executed_lines": [352, 353, 354, 355, 358, 359, 364, 365, 366, 367, 370, 374], "summary": {"covered_lines": 12, "num_statements": 14, "percent_covered": 85.71428571428571, "percent_covered_display": "86", "missing_lines": 2, "excluded_lines": 0}, "missing_lines": [371, 372], "excluded_lines": []}, "VerifyResetPasswordSerializer.save": {"executed_lines": [377, 378, 381, 382, 383, 384, 389, 393], "summary": {"covered_lines": 8, "num_statements": 10, "percent_covered": 80.0, "percent_covered_display": "80", "missing_lines": 2, "excluded_lines": 0}, "missing_lines": [385, 386], "excluded_lines": []}, "DeactivateMfaSerializer.validate_code": {"executed_lines": [401, 405], "summary": {"covered_lines": 2, "num_statements": 3, "percent_covered": 66.66666666666667, "percent_covered_display": "67", "missing_lines": 1, "excluded_lines": 0}, "missing_lines": [402], "excluded_lines": []}, "DeactivateMfaSerializer.validate": {"executed_lines": [408, 409, 410, 413, 417, 418, 423, 424, 431, 432], "summary": {"covered_lines": 10, "num_statements": 17, "percent_covered": 58.8235294117647, "percent_covered_display": "59", "missing_lines": 7, "excluded_lines": 0}, "missing_lines": [414, 419, 420, 426, 427, 429, 430], "excluded_lines": []}, "DeactivateMfaSerializer.save": {"executed_lines": [435, 436, 437, 438, 439, 440, 441, 457, 458], "summary": {"covered_lines": 9, "num_statements": 13, "percent_covered": 69.23076923076923, "percent_covered_display": "69", "missing_lines": 4, "excluded_lines": 0}, "missing_lines": [442, 456, 460, 461], "excluded_lines": []}, "": {"executed_lines": [1, 2, 4, 5, 6, 7, 8, 9, 10, 11, 12, 13, 15, 17, 18, 19, 30, 31, 33, 36, 37, 38, 40, 47, 71, 72, 77, 78, 80, 108, 109, 110, 111, 114, 115, 116, 117, 123, 124, 126, 140, 152, 153, 154, 156, 183, 184, 190, 191, 192, 193, 194, 196, 202, 212, 222, 243, 248, 249, 251, 259, 260, 262, 274, 284, 285, 287, 294, 345, 346, 347, 348, 349, 351, 376, 396, 397, 398, 400, 407, 434], "summary": {"covered_lines": 81, "num_statements": 81, "percent_covered": 100.0, "percent_covered_display": "100", "missing_lines": 0, "excluded_lines": 0}, "missing_lines": [], "excluded_lines": []}}, "classes": {"TokenObtainSerializer": {"executed_lines": [41, 42, 45, 48, 49, 51, 52, 56, 57, 61, 63, 65, 69], "summary": {"covered_lines": 13, "num_statements": 18, "percent_covered": 72.22222222222223, "percent_covered_display": "72", "missing_lines": 5, "excluded_lines": 0}, "missing_lines": [54, 58, 59, 73, 74], "excluded_lines": []}, "LoginSerializer": {"executed_lines": [81, 83, 86, 87, 89, 90, 91, 92, 95, 98, 99, 102, 103, 105], "summary": {"covered_lines": 14, "num_statements": 14, "percent_covered": 100.0, "percent_covered_display": "100", "missing_lines": 0, "excluded_lines": 0}, "missing_lines": [], "excluded_lines": []}, "BasicAccountSerializer": {"executed_lines": [], "summary": {"covered_lines": 0, "num_statements": 0, "percent_covered": 100.0, "percent_covered_display": "100", "missing_lines": 0, "excluded_lines": 0}, "missing_lines": [], "excluded_lines": []}, "BasicAccountSerializer.Meta": {"executed_lines": [], "summary": {"covered_lines": 0, "num_statements": 0, "percent_covered": 100.0, "percent_covered_display": "100", "missing_lines": 0, "excluded_lines": 0}, "missing_lines": [], "excluded_lines": []}, "AccountSerializer": {"executed_lines": [], "summary": {"covered_lines": 0, "num_statements": 0, "percent_covered": 100.0, "percent_covered_display": "100", "missing_lines": 0, "excluded_lines": 0}, "missing_lines": [], "excluded_lines": []}, "AccountSerializer.Meta": {"executed_lines": [], "summary": {"covered_lines": 0, "num_statements": 0, "percent_covered": 100.0, "percent_covered_display": "100", "missing_lines": 0, "excluded_lines": 0}, "missing_lines": [], "excluded_lines": []}, "ResendVerificationEmailSerializer": {"executed_lines": [127, 128, 129, 130, 134, 135, 138, 141, 142, 143, 144, 145], "summary": {"covered_lines": 12, "num_statements": 15, "percent_covered": 80.0, "percent_covered_display": "80", "missing_lines": 3, "excluded_lines": 0}, "missing_lines": [136, 146, 147], "excluded_lines": []}, "VerifyEmailSerializer": {"executed_lines": [157, 158, 160, 161, 162, 164, 165, 171, 179, 180, 181, 185, 186, 187], "summary": {"covered_lines": 14, "num_statements": 18, "percent_covered": 77.77777777777777, "percent_covered_display": "78", "missing_lines": 4, "excluded_lines": 0}, "missing_lines": [166, 167, 175, 176], "excluded_lines": []}, "SignupSerializer": {"executed_lines": [198, 199, 200, 204, 205, 206, 208, 210, 214, 216, 217, 220, 224, 225, 226, 228, 229, 235, 237, 241], "summary": {"covered_lines": 20, "num_statements": 28, "percent_covered": 71.42857142857143, "percent_covered_display": "71", "missing_lines": 8, "excluded_lines": 0}, "missing_lines": [207, 209, 215, 218, 219, 238, 239, 245], "excluded_lines": []}, "MfaCodeSerializer": {"executed_lines": [252, 256], "summary": {"covered_lines": 2, "num_statements": 3, "percent_covered": 66.66666666666667, "percent_covered_display": "67", "missing_lines": 1, "excluded_lines": 0}, "missing_lines": [253], "excluded_lines": []}, "LogoutSerializer": {"executed_lines": [263, 264, 265, 266, 267, 268, 270, 271, 272, 275], "summary": {"covered_lines": 10, "num_statements": 16, "percent_covered": 62.5, "percent_covered_display": "62", "missing_lines": 6, "excluded_lines": 0}, "missing_lines": [269, 277, 278, 279, 280, 281], "excluded_lines": []}, "ResetPasswordSerializer": {"executed_lines": [288, 289, 292, 295, 296, 297, 299, 301, 325, 327, 330, 331, 334, 335, 341, 342], "summary": {"covered_lines": 16, "num_statements": 25, "percent_covered": 64.0, "percent_covered_display": "64", "missing_lines": 9, "excluded_lines": 0}, "missing_lines": [304, 305, 307, 311, 312, 319, 320, 322, 323], "excluded_lines": []}, "VerifyResetPasswordSerializer": {"executed_lines": [352, 353, 354, 355, 358, 359, 364, 365, 366, 367, 370, 374, 377, 378, 381, 382, 383, 384, 389, 393], "summary": {"covered_lines": 20, "num_statements": 24, "percent_covered": 83.33333333333333, "percent_covered_display": "83", "missing_lines": 4, "excluded_lines": 0}, "missing_lines": [371, 372, 385, 386], "excluded_lines": []}, "DeactivateMfaSerializer": {"executed_lines": [401, 405, 408, 409, 410, 413, 417, 418, 423, 424, 431, 432, 435, 436, 437, 438, 439, 440, 441, 457, 458], "summary": {"covered_lines": 21, "num_statements": 33, "percent_covered": 63.63636363636363, "percent_covered_display": "64", "missing_lines": 12, "excluded_lines": 0}, "missing_lines": [402, 414, 419, 420, 426, 427, 429, 430, 442, 456, 460, 461], "excluded_lines": []}, "": {"executed_lines": [1, 2, 4, 5, 6, 7, 8, 9, 10, 11, 12, 13, 15, 17, 18, 19, 30, 31, 33, 36, 37, 38, 40, 47, 71, 72, 77, 78, 80, 108, 109, 110, 111, 114, 115, 116, 117, 123, 124, 126, 140, 152, 153, 154, 156, 183, 184, 190, 191, 192, 193, 194, 196, 202, 212, 222, 243, 248, 249, 251, 259, 260, 262, 274, 284, 285, 287, 294, 345, 346, 347, 348, 349, 351, 376, 396, 397, 398, 400, 407, 434], "summary": {"covered_lines": 81, "num_statements": 81, "percent_covered": 100.0, "percent_covered_display": "100", "missing_lines": 0, "excluded_lines": 0}, "missing_lines": [], "excluded_lines": []}}}, "dj_waanverse_auth\\signals.py": {"executed_lines": [1, 2, 3, 5, 6, 7, 10, 11, 12, 13, 14, 15, 21, 23, 30, 42, 43, 44, 45, 46, 53, 55], "summary": {"covered_lines": 22, "num_statements": 26, "percent_covered": 84.61538461538461, "percent_covered_display": "85", "missing_lines": 4, "excluded_lines": 0}, "missing_lines": [31, 38, 39, 52], "excluded_lines": [], "functions": {"log_user_logged_in_success": {"executed_lines": [12, 13, 14, 15, 21, 23, 30], "summary": {"covered_lines": 7, "num_statements": 10, "percent_covered": 70.0, "percent_covered_display": "70", "missing_lines": 3, "excluded_lines": 0}, "missing_lines": [31, 38, 39], "excluded_lines": []}, "log_user_logged_in_failed": {"executed_lines": [44, 45, 46, 53, 55], "summary": {"covered_lines": 5, "num_statements": 6, "percent_covered": 83.33333333333333, "percent_covered_display": "83", "missing_lines": 1, "excluded_lines": 0}, "missing_lines": [52], "excluded_lines": []}, "": {"executed_lines": [1, 2, 3, 5, 6, 7, 10, 11, 42, 43], "summary": {"covered_lines": 10, "num_statements": 10, "percent_covered": 100.0, "percent_covered_display": "100", "missing_lines": 0, "excluded_lines": 0}, "missing_lines": [], "excluded_lines": []}}, "classes": {"": {"executed_lines": [1, 2, 3, 5, 6, 7, 10, 11, 12, 13, 14, 15, 21, 23, 30, 42, 43, 44, 45, 46, 53, 55], "summary": {"covered_lines": 22, "num_statements": 26, "percent_covered": 84.61538461538461, "percent_covered_display": "85", "missing_lines": 4, "excluded_lines": 0}, "missing_lines": [31, 38, 39, 52], "excluded_lines": []}}}, "dj_waanverse_auth\\templatetags\\waanverse_tags.py": {"executed_lines": [1, 2, 3, 4, 6, 9, 10, 33, 34], "summary": {"covered_lines": 9, "num_statements": 33, "percent_covered": 27.272727272727273, "percent_covered_display": "27", "missing_lines": 24, "excluded_lines": 0}, "missing_lines": [11, 12, 14, 15, 16, 18, 19, 20, 21, 22, 23, 25, 27, 28, 30, 36, 37, 38, 41, 42, 43, 44, 47, 49], "excluded_lines": [], "functions": {"device_info": {"executed_lines": [], "summary": {"covered_lines": 0, "num_statements": 15, "percent_covered": 0.0, "percent_covered_display": "0", "missing_lines": 15, "excluded_lines": 0}, "missing_lines": [11, 12, 14, 15, 16, 18, 19, 20, 21, 22, 23, 25, 27, 28, 30], "excluded_lines": []}, "country": {"executed_lines": [], "summary": {"covered_lines": 0, "num_statements": 9, "percent_covered": 0.0, "percent_covered_display": "0", "missing_lines": 9, "excluded_lines": 0}, "missing_lines": [36, 37, 38, 41, 42, 43, 44, 47, 49], "excluded_lines": []}, "": {"executed_lines": [1, 2, 3, 4, 6, 9, 10, 33, 34], "summary": {"covered_lines": 9, "num_statements": 9, "percent_covered": 100.0, "percent_covered_display": "100", "missing_lines": 0, "excluded_lines": 0}, "missing_lines": [], "excluded_lines": []}}, "classes": {"": {"executed_lines": [1, 2, 3, 4, 6, 9, 10, 33, 34], "summary": {"covered_lines": 9, "num_statements": 33, "percent_covered": 27.272727272727273, "percent_covered_display": "27", "missing_lines": 24, "excluded_lines": 0}, "missing_lines": [11, 12, 14, 15, 16, 18, 19, 20, 21, 22, 23, 25, 27, 28, 30, 36, 37, 38, 41, 42, 43, 44, 47, 49], "excluded_lines": []}}}, "dj_waanverse_auth\\urls.py": {"executed_lines": [1, 3, 21], "summary": {"covered_lines": 3, "num_statements": 3, "percent_covered": 100.0, "percent_covered_display": "100", "missing_lines": 0, "excluded_lines": 0}, "missing_lines": [], "excluded_lines": [], "functions": {"": {"executed_lines": [1, 3, 21], "summary": {"covered_lines": 3, "num_statements": 3, "percent_covered": 100.0, "percent_covered_display": "100", "missing_lines": 0, "excluded_lines": 0}, "missing_lines": [], "excluded_lines": []}}, "classes": {"": {"executed_lines": [1, 3, 21], "summary": {"covered_lines": 3, "num_statements": 3, "percent_covered": 100.0, "percent_covered_display": "100", "missing_lines": 0, "excluded_lines": 0}, "missing_lines": [], "excluded_lines": []}}}, "dj_waanverse_auth\\utils.py": {"executed_lines": [1, 2, 3, 4, 6, 7, 8, 9, 10, 11, 12, 13, 14, 16, 17, 20, 31, 41, 44, 62, 63, 64, 71, 72, 73, 80, 81, 82, 86, 89, 90, 91, 92, 93, 94, 95, 97, 98, 101, 111, 112, 113, 116, 117, 118, 132, 141, 144, 146, 147, 148, 149, 150, 156, 161, 164, 165, 166, 169, 170, 173, 174, 177, 179, 182, 185, 186, 187, 190, 200, 202, 203, 204, 205, 207, 210, 217, 218, 220, 223, 233, 234, 235, 236, 239, 247, 252, 255, 265, 266, 267, 268, 269, 272, 282, 283, 286], "summary": {"covered_lines": 97, "num_statements": 103, "percent_covered": 94.1747572815534, "percent_covered_display": "94", "missing_lines": 6, "excluded_lines": 0}, "missing_lines": [128, 129, 158, 159, 167, 296], "excluded_lines": [], "functions": {"set_cookie": {"executed_lines": [31, 41], "summary": {"covered_lines": 2, "num_statements": 2, "percent_covered": 100.0, "percent_covered_display": "100", "missing_lines": 0, "excluded_lines": 0}, "missing_lines": [], "excluded_lines": []}, "set_cookies": {"executed_lines": [62, 63, 64, 71, 72, 73, 80, 81, 82, 86], "summary": {"covered_lines": 10, "num_statements": 10, "percent_covered": 100.0, "percent_covered_display": "100", "missing_lines": 0, "excluded_lines": 0}, "missing_lines": [], "excluded_lines": []}, "EmailThread.__init__": {"executed_lines": [91, 92, 93, 94, 95], "summary": {"covered_lines": 5, "num_statements": 5, "percent_covered": 100.0, "percent_covered_display": "100", "missing_lines": 0, "excluded_lines": 0}, "missing_lines": [], "excluded_lines": []}, "EmailThread.run": {"executed_lines": [98], "summary": {"covered_lines": 1, "num_statements": 1, "percent_covered": 100.0, "percent_covered_display": "100", "missing_lines": 0, "excluded_lines": 0}, "missing_lines": [], "excluded_lines": []}, "dispatch_email": {"executed_lines": [111, 112, 113, 116, 117, 118], "summary": {"covered_lines": 6, "num_statements": 8, "percent_covered": 75.0, "percent_covered_display": "75", "missing_lines": 2, "excluded_lines": 0}, "missing_lines": [128, 129], "excluded_lines": []}, "handle_email_verification": {"executed_lines": [141, 144, 146, 147, 148, 149, 150, 156, 161], "summary": {"covered_lines": 9, "num_statements": 11, "percent_covered": 81.81818181818181, "percent_covered_display": "82", "missing_lines": 2, "excluded_lines": 0}, "missing_lines": [158, 159], "excluded_lines": []}, "get_client_ip": {"executed_lines": [165, 166, 169, 170], "summary": {"covered_lines": 4, "num_statements": 5, "percent_covered": 80.0, "percent_covered_display": "80", "missing_lines": 1, "excluded_lines": 0}, "missing_lines": [167], "excluded_lines": []}, "generate_password_reset_code": {"executed_lines": [174, 177, 179], "summary": {"covered_lines": 3, "num_statements": 3, "percent_covered": 100.0, "percent_covered_display": "100", "missing_lines": 0, "excluded_lines": 0}, "missing_lines": [], "excluded_lines": []}, "get_serializer": {"executed_lines": [185, 186, 187], "summary": {"covered_lines": 3, "num_statements": 3, "percent_covered": 100.0, "percent_covered_display": "100", "missing_lines": 0, "excluded_lines": 0}, "missing_lines": [], "excluded_lines": []}, "user_email_address": {"executed_lines": [200, 202, 203, 204, 205, 207], "summary": {"covered_lines": 6, "num_statements": 6, "percent_covered": 100.0, "percent_covered_display": "100", "missing_lines": 0, "excluded_lines": 0}, "missing_lines": [], "excluded_lines": []}, "reset_response": {"executed_lines": [217, 218, 220], "summary": {"covered_lines": 3, "num_statements": 3, "percent_covered": 100.0, "percent_covered_display": "100", "missing_lines": 0, "excluded_lines": 0}, "missing_lines": [], "excluded_lines": []}, "get_email_verification_status": {"executed_lines": [233, 234, 235, 236], "summary": {"covered_lines": 4, "num_statements": 4, "percent_covered": 100.0, "percent_covered_display": "100", "missing_lines": 0, "excluded_lines": 0}, "missing_lines": [], "excluded_lines": []}, "handle_user_login": {"executed_lines": [247, 252], "summary": {"covered_lines": 2, "num_statements": 2, "percent_covered": 100.0, "percent_covered_display": "100", "missing_lines": 0, "excluded_lines": 0}, "missing_lines": [], "excluded_lines": []}, "check_mfa_status": {"executed_lines": [265, 266, 267, 268, 269], "summary": {"covered_lines": 5, "num_statements": 5, "percent_covered": 100.0, "percent_covered_display": "100", "missing_lines": 0, "excluded_lines": 0}, "missing_lines": [], "excluded_lines": []}, "generate_tokens": {"executed_lines": [282, 283], "summary": {"covered_lines": 2, "num_statements": 2, "percent_covered": 100.0, "percent_covered_display": "100", "missing_lines": 0, "excluded_lines": 0}, "missing_lines": [], "excluded_lines": []}, "get_user_agent": {"executed_lines": [], "summary": {"covered_lines": 0, "num_statements": 1, "percent_covered": 0.0, "percent_covered_display": "0", "missing_lines": 1, "excluded_lines": 0}, "missing_lines": [296], "excluded_lines": []}, "": {"executed_lines": [1, 2, 3, 4, 6, 7, 8, 9, 10, 11, 12, 13, 14, 16, 17, 20, 44, 89, 90, 97, 101, 132, 164, 173, 182, 190, 210, 223, 239, 255, 272, 286], "summary": {"covered_lines": 32, "num_statements": 32, "percent_covered": 100.0, "percent_covered_display": "100", "missing_lines": 0, "excluded_lines": 0}, "missing_lines": [], "excluded_lines": []}}, "classes": {"EmailThread": {"executed_lines": [91, 92, 93, 94, 95, 98], "summary": {"covered_lines": 6, "num_statements": 6, "percent_covered": 100.0, "percent_covered_display": "100", "missing_lines": 0, "excluded_lines": 0}, "missing_lines": [], "excluded_lines": []}, "": {"executed_lines": [1, 2, 3, 4, 6, 7, 8, 9, 10, 11, 12, 13, 14, 16, 17, 20, 31, 41, 44, 62, 63, 64, 71, 72, 73, 80, 81, 82, 86, 89, 90, 97, 101, 111, 112, 113, 116, 117, 118, 132, 141, 144, 146, 147, 148, 149, 150, 156, 161, 164, 165, 166, 169, 170, 173, 174, 177, 179, 182, 185, 186, 187, 190, 200, 202, 203, 204, 205, 207, 210, 217, 218, 220, 223, 233, 234, 235, 236, 239, 247, 252, 255, 265, 266, 267, 268, 269, 272, 282, 283, 286], "summary": {"covered_lines": 91, "num_statements": 97, "percent_covered": 93.81443298969072, "percent_covered_display": "94", "missing_lines": 6, "excluded_lines": 0}, "missing_lines": [128, 129, 158, 159, 167, 296], "excluded_lines": []}}}, "dj_waanverse_auth\\validators.py": {"executed_lines": [1, 2, 4, 5, 6, 8, 11, 21, 27, 31, 35, 38, 41, 45, 48, 49, 54, 57, 60, 63, 70, 73], "summary": {"covered_lines": 22, "num_statements": 33, "percent_covered": 66.66666666666667, "percent_covered_display": "67", "missing_lines": 11, "excluded_lines": 0}, "missing_lines": [22, 28, 32, 36, 50, 51, 55, 58, 61, 64, 71], "excluded_lines": [], "functions": {"validate_username": {"executed_lines": [21, 27, 31, 35, 38], "summary": {"covered_lines": 5, "num_statements": 9, "percent_covered": 55.55555555555556, "percent_covered_display": "56", "missing_lines": 4, "excluded_lines": 0}, "missing_lines": [22, 28, 32, 36], "excluded_lines": []}, "password_validator": {"executed_lines": [45, 48, 49, 54, 57, 60, 63, 70, 73], "summary": {"covered_lines": 9, "num_statements": 16, "percent_covered": 56.25, "percent_covered_display": "56", "missing_lines": 7, "excluded_lines": 0}, "missing_lines": [50, 51, 55, 58, 61, 64, 71], "excluded_lines": []}, "": {"executed_lines": [1, 2, 4, 5, 6, 8, 11, 41], "summary": {"covered_lines": 8, "num_statements": 8, "percent_covered": 100.0, "percent_covered_display": "100", "missing_lines": 0, "excluded_lines": 0}, "missing_lines": [], "excluded_lines": []}}, "classes": {"": {"executed_lines": [1, 2, 4, 5, 6, 8, 11, 21, 27, 31, 35, 38, 41, 45, 48, 49, 54, 57, 60, 63, 70, 73], "summary": {"covered_lines": 22, "num_statements": 33, "percent_covered": 66.66666666666667, "percent_covered_display": "67", "missing_lines": 11, "excluded_lines": 0}, "missing_lines": [22, 28, 32, 36, 50, 51, 55, 58, 61, 64, 71], "excluded_lines": []}}}, "dj_waanverse_auth\\views.py": {"executed_lines": [1, 2, 3, 4, 5, 6, 7, 8, 9, 10, 11, 12, 14, 15, 16, 26, 27, 36, 39, 40, 41, 42, 43, 44, 46, 47, 48, 49, 50, 51, 54, 55, 56, 57, 58, 59, 60, 61, 62, 63, 65, 70, 72, 73, 76, 78, 81, 82, 83, 84, 88, 89, 93, 94, 96, 98, 101, 102, 103, 104, 114, 116, 120, 121, 122, 123, 128, 131, 134, 135, 136, 140, 141, 142, 143, 147, 150, 151, 152, 153, 154, 155, 156, 158, 166, 168, 171, 172, 173, 174, 175, 176, 178, 180, 181, 182, 183, 186, 187, 190, 194, 196, 211, 212, 213, 214, 215, 216, 219, 224, 226, 227, 228, 230, 231, 232, 233, 234, 245, 246, 247, 248, 249, 250, 258, 259, 270, 271, 272, 273, 274, 276, 278, 285, 286, 287, 301, 317, 318, 320, 321, 324, 325, 326, 332, 333, 334, 341, 342, 343, 344, 345, 346, 347, 353, 355, 359, 360, 362, 367, 368, 369, 370, 371, 372, 373, 374, 382, 383, 384, 390, 396, 397, 399, 400, 401, 414, 415, 421, 430, 433, 435, 438, 439, 440, 441, 447, 448, 449, 450, 458, 461, 462, 463, 464, 466, 467, 468, 472], "summary": {"covered_lines": 199, "num_statements": 239, "percent_covered": 83.26359832635983, "percent_covered_display": "83", "missing_lines": 40, "excluded_lines": 0}, "missing_lines": [108, 109, 199, 200, 204, 205, 217, 218, 220, 238, 242, 251, 263, 264, 279, 288, 300, 305, 306, 310, 311, 329, 335, 336, 337, 338, 348, 349, 364, 375, 385, 386, 391, 403, 405, 406, 407, 408, 410, 442], "excluded_lines": [], "functions": {"login_view": {"executed_lines": [43, 44, 46, 47, 48, 49, 50, 51, 54, 55, 56, 57, 58, 59, 60, 61, 62, 63, 65, 70, 72, 73, 76, 78], "summary": {"covered_lines": 24, "num_statements": 24, "percent_covered": 100.0, "percent_covered_display": "100", "missing_lines": 0, "excluded_lines": 0}, "missing_lines": [], "excluded_lines": []}, "refresh_token_view": {"executed_lines": [84, 88, 89, 93, 94, 96, 98, 101, 102, 103, 104], "summary": {"covered_lines": 11, "num_statements": 13, "percent_covered": 84.61538461538461, "percent_covered_display": "85", "missing_lines": 2, "excluded_lines": 0}, "missing_lines": [108, 109], "excluded_lines": []}, "ResendEmail.post": {"executed_lines": [120, 121, 122, 123, 128], "summary": {"covered_lines": 5, "num_statements": 5, "percent_covered": 100.0, "percent_covered_display": "100", "missing_lines": 0, "excluded_lines": 0}, "missing_lines": [], "excluded_lines": []}, "verify_email": {"executed_lines": [140, 141, 142, 143, 147], "summary": {"covered_lines": 5, "num_statements": 5, "percent_covered": 100.0, "percent_covered_display": "100", "missing_lines": 0, "excluded_lines": 0}, "missing_lines": [], "excluded_lines": []}, "signup_view": {"executed_lines": [153, 154, 155, 156, 158, 166, 168], "summary": {"covered_lines": 7, "num_statements": 7, "percent_covered": 100.0, "percent_covered_display": "100", "missing_lines": 0, "excluded_lines": 0}, "missing_lines": [], "excluded_lines": []}, "enable_mfa": {"executed_lines": [174, 175, 176, 178, 180, 181, 182, 183, 186, 187, 190, 194, 196], "summary": {"covered_lines": 13, "num_statements": 17, "percent_covered": 76.47058823529412, "percent_covered_display": "76", "missing_lines": 4, "excluded_lines": 0}, "missing_lines": [199, 200, 204, 205], "excluded_lines": []}, "verify_mfa": {"executed_lines": [214, 215, 216, 219, 224, 226, 227, 228, 230, 231, 232, 233, 234], "summary": {"covered_lines": 13, "num_statements": 18, "percent_covered": 72.22222222222223, "percent_covered_display": "72", "missing_lines": 5, "excluded_lines": 0}, "missing_lines": [217, 218, 220, 238, 242], "excluded_lines": []}, "mfa_status": {"executed_lines": [248, 249, 250, 258, 259], "summary": {"covered_lines": 5, "num_statements": 8, "percent_covered": 62.5, "percent_covered_display": "62", "missing_lines": 3, "excluded_lines": 0}, "missing_lines": [251, 263, 264], "excluded_lines": []}, "regenerate_recovery_codes": {"executed_lines": [273, 274, 276, 278, 285, 286, 287, 301], "summary": {"covered_lines": 8, "num_statements": 15, "percent_covered": 53.333333333333336, "percent_covered_display": "53", "missing_lines": 7, "excluded_lines": 0}, "missing_lines": [279, 288, 300, 305, 306, 310, 311], "excluded_lines": []}, "DeactivateMfaView.post": {"executed_lines": [321, 324, 325, 326], "summary": {"covered_lines": 4, "num_statements": 5, "percent_covered": 80.0, "percent_covered_display": "80", "missing_lines": 1, "excluded_lines": 0}, "missing_lines": [329], "excluded_lines": []}, "user_info": {"executed_lines": [], "summary": {"covered_lines": 0, "num_statements": 4, "percent_covered": 0.0, "percent_covered_display": "0", "missing_lines": 4, "excluded_lines": 0}, "missing_lines": [335, 336, 337, 338], "excluded_lines": []}, "logout_view": {"executed_lines": [344, 345, 346, 347, 353, 355, 359, 360, 362], "summary": {"covered_lines": 9, "num_statements": 12, "percent_covered": 75.0, "percent_covered_display": "75", "missing_lines": 3, "excluded_lines": 0}, "missing_lines": [348, 349, 364], "excluded_lines": []}, "mfa_login": {"executed_lines": [370, 371, 372, 373, 374, 382, 383, 384, 390, 396, 397, 399, 400, 401, 414, 415, 421, 430, 433, 435], "summary": {"covered_lines": 20, "num_statements": 30, "percent_covered": 66.66666666666667, "percent_covered_display": "67", "missing_lines": 10, "excluded_lines": 0}, "missing_lines": [375, 385, 386, 391, 403, 405, 406, 407, 408, 410], "excluded_lines": []}, "reset_password": {"executed_lines": [441, 447, 448, 449, 450, 458], "summary": {"covered_lines": 6, "num_statements": 7, "percent_covered": 85.71428571428571, "percent_covered_display": "86", "missing_lines": 1, "excluded_lines": 0}, "missing_lines": [442], "excluded_lines": []}, "verify_reset_password": {"executed_lines": [464, 466, 467, 468, 472], "summary": {"covered_lines": 5, "num_statements": 5, "percent_covered": 100.0, "percent_covered_display": "100", "missing_lines": 0, "excluded_lines": 0}, "missing_lines": [], "excluded_lines": []}, "": {"executed_lines": [1, 2, 3, 4, 5, 6, 7, 8, 9, 10, 11, 12, 14, 15, 16, 26, 27, 36, 39, 40, 41, 42, 81, 82, 83, 114, 116, 131, 134, 135, 136, 150, 151, 152, 171, 172, 173, 211, 212, 213, 245, 246, 247, 270, 271, 272, 317, 318, 320, 332, 333, 334, 341, 342, 343, 367, 368, 369, 438, 439, 440, 461, 462, 463], "summary": {"covered_lines": 64, "num_statements": 64, "percent_covered": 100.0, "percent_covered_display": "100", "missing_lines": 0, "excluded_lines": 0}, "missing_lines": [], "excluded_lines": []}}, "classes": {"ResendEmail": {"executed_lines": [120, 121, 122, 123, 128], "summary": {"covered_lines": 5, "num_statements": 5, "percent_covered": 100.0, "percent_covered_display": "100", "missing_lines": 0, "excluded_lines": 0}, "missing_lines": [], "excluded_lines": []}, "DeactivateMfaView": {"executed_lines": [321, 324, 325, 326], "summary": {"covered_lines": 4, "num_statements": 5, "percent_covered": 80.0, "percent_covered_display": "80", "missing_lines": 1, "excluded_lines": 0}, "missing_lines": [329], "excluded_lines": []}, "": {"executed_lines": [1, 2, 3, 4, 5, 6, 7, 8, 9, 10, 11, 12, 14, 15, 16, 26, 27, 36, 39, 40, 41, 42, 43, 44, 46, 47, 48, 49, 50, 51, 54, 55, 56, 57, 58, 59, 60, 61, 62, 63, 65, 70, 72, 73, 76, 78, 81, 82, 83, 84, 88, 89, 93, 94, 96, 98, 101, 102, 103, 104, 114, 116, 131, 134, 135, 136, 140, 141, 142, 143, 147, 150, 151, 152, 153, 154, 155, 156, 158, 166, 168, 171, 172, 173, 174, 175, 176, 178, 180, 181, 182, 183, 186, 187, 190, 194, 196, 211, 212, 213, 214, 215, 216, 219, 224, 226, 227, 228, 230, 231, 232, 233, 234, 245, 246, 247, 248, 249, 250, 258, 259, 270, 271, 272, 273, 274, 276, 278, 285, 286, 287, 301, 317, 318, 320, 332, 333, 334, 341, 342, 343, 344, 345, 346, 347, 353, 355, 359, 360, 362, 367, 368, 369, 370, 371, 372, 373, 374, 382, 383, 384, 390, 396, 397, 399, 400, 401, 414, 415, 421, 430, 433, 435, 438, 439, 440, 441, 447, 448, 449, 450, 458, 461, 462, 463, 464, 466, 467, 468, 472], "summary": {"covered_lines": 190, "num_statements": 229, "percent_covered": 82.96943231441048, "percent_covered_display": "83", "missing_lines": 39, "excluded_lines": 0}, "missing_lines": [108, 109, 199, 200, 204, 205, 217, 218, 220, 238, 242, 251, 263, 264, 279, 288, 300, 305, 306, 310, 311, 335, 336, 337, 338, 348, 349, 364, 375, 385, 386, 391, 403, 405, 406, 407, 408, 410, 442], "excluded_lines": []}}}}, "totals": {"covered_lines": 770, "num_statements": 943, "percent_covered": 81.6542948038176, "percent_covered_display": "82", "missing_lines": 173, "excluded_lines": 0}}