{"meta": {"format": 3, "version": "7.6.1", "timestamp": "2025-01-12T08:25:44.471784", "branch_coverage": false, "show_contexts": false}, "files": {"dj_waanverse_auth\\admin.py": {"executed_lines": [1, 3, 4, 6, 32, 33, 34, 35], "summary": {"covered_lines": 8, "num_statements": 8, "percent_covered": 100.0, "percent_covered_display": "100", "missing_lines": 0, "excluded_lines": 0}, "missing_lines": [], "excluded_lines": [], "functions": {"": {"executed_lines": [1, 3, 4, 6, 32, 33, 34, 35], "summary": {"covered_lines": 8, "num_statements": 8, "percent_covered": 100.0, "percent_covered_display": "100", "missing_lines": 0, "excluded_lines": 0}, "missing_lines": [], "excluded_lines": []}}, "classes": {"": {"executed_lines": [1, 3, 4, 6, 32, 33, 34, 35], "summary": {"covered_lines": 8, "num_statements": 8, "percent_covered": 100.0, "percent_covered_display": "100", "missing_lines": 0, "excluded_lines": 0}, "missing_lines": [], "excluded_lines": []}}}, "dj_waanverse_auth\\apps.py": {"executed_lines": [3, 4, 5, 8, 9, 10, 11, 12, 14, 19, 20, 22, 26, 28, 34, 40, 44], "summary": {"covered_lines": 17, "num_statements": 19, "percent_covered": 89.47368421052632, "percent_covered_display": "89", "missing_lines": 2, "excluded_lines": 0}, "missing_lines": [29, 35], "excluded_lines": [], "functions": {"WaanverseAuthConfig.ready": {"executed_lines": [19, 20], "summary": {"covered_lines": 2, "num_statements": 2, "percent_covered": 100.0, "percent_covered_display": "100", "missing_lines": 0, "excluded_lines": 0}, "missing_lines": [], "excluded_lines": []}, "WaanverseAuthConfig.validate_middleware_settings": {"executed_lines": [26, 28, 34], "summary": {"covered_lines": 3, "num_statements": 5, "percent_covered": 60.0, "percent_covered_display": "60", "missing_lines": 2, "excluded_lines": 0}, "missing_lines": [29, 35], "excluded_lines": []}, "WaanverseAuthConfig.validate_required_settings": {"executed_lines": [44], "summary": {"covered_lines": 1, "num_statements": 1, "percent_covered": 100.0, "percent_covered_display": "100", "missing_lines": 0, "excluded_lines": 0}, "missing_lines": [], "excluded_lines": []}, "": {"executed_lines": [3, 4, 5, 8, 9, 10, 11, 12, 14, 22, 40], "summary": {"covered_lines": 11, "num_statements": 11, "percent_covered": 100.0, "percent_covered_display": "100", "missing_lines": 0, "excluded_lines": 0}, "missing_lines": [], "excluded_lines": []}}, "classes": {"WaanverseAuthConfig": {"executed_lines": [19, 20, 26, 28, 34, 44], "summary": {"covered_lines": 6, "num_statements": 8, "percent_covered": 75.0, "percent_covered_display": "75", "missing_lines": 2, "excluded_lines": 0}, "missing_lines": [29, 35], "excluded_lines": []}, "": {"executed_lines": [3, 4, 5, 8, 9, 10, 11, 12, 14, 22, 40], "summary": {"covered_lines": 11, "num_statements": 11, "percent_covered": 100.0, "percent_covered_display": "100", "missing_lines": 0, "excluded_lines": 0}, "missing_lines": [], "excluded_lines": []}}}, "dj_waanverse_auth\\authentication.py": {"executed_lines": [1, 3, 4, 5, 7, 8, 10, 11, 14, 15, 21, 22, 23, 24, 25, 26, 27, 29, 30, 34, 36, 41, 42, 43, 44, 46, 47, 49, 58, 62, 64, 65, 66, 67, 69, 70, 72, 74, 78, 81, 82, 85, 87, 88, 90, 94, 95, 98, 99, 101, 102, 110, 114, 115, 118, 121], "summary": {"covered_lines": 55, "num_statements": 70, "percent_covered": 78.57142857142857, "percent_covered_display": "79", "missing_lines": 15, "excluded_lines": 0}, "missing_lines": [31, 51, 52, 53, 54, 55, 56, 79, 83, 96, 104, 105, 106, 119, 125], "excluded_lines": [], "functions": {"JWTAuthentication.__init__": {"executed_lines": [30, 34], "summary": {"covered_lines": 2, "num_statements": 3, "percent_covered": 66.66666666666667, "percent_covered_display": "67", "missing_lines": 1, "excluded_lines": 0}, "missing_lines": [31], "excluded_lines": []}, "JWTAuthentication.authenticate": {"executed_lines": [41, 42, 43, 44, 46, 47, 49], "summary": {"covered_lines": 7, "num_statements": 13, "percent_covered": 53.84615384615385, "percent_covered_display": "54", "missing_lines": 6, "excluded_lines": 0}, "missing_lines": [51, 52, 53, 54, 55, 56], "excluded_lines": []}, "JWTAuthentication._get_token_from_request": {"executed_lines": [62, 64, 65, 66, 67, 69, 70, 72], "summary": {"covered_lines": 8, "num_statements": 8, "percent_covered": 100.0, "percent_covered_display": "100", "missing_lines": 0, "excluded_lines": 0}, "missing_lines": [], "excluded_lines": []}, "JWTAuthentication._sanitize_token": {"executed_lines": [78, 81, 82, 85], "summary": {"covered_lines": 4, "num_statements": 6, "percent_covered": 66.66666666666667, "percent_covered_display": "67", "missing_lines": 2, "excluded_lines": 0}, "missing_lines": [79, 83], "excluded_lines": []}, "JWTAuthentication._decode_token": {"executed_lines": [88], "summary": {"covered_lines": 1, "num_statements": 1, "percent_covered": 100.0, "percent_covered_display": "100", "missing_lines": 0, "excluded_lines": 0}, "missing_lines": [], "excluded_lines": []}, "JWTAuthentication._get_user_from_payload": {"executed_lines": [94, 95, 98, 99, 101, 102], "summary": {"covered_lines": 6, "num_statements": 10, "percent_covered": 60.0, "percent_covered_display": "60", "missing_lines": 4, "excluded_lines": 0}, "missing_lines": [96, 104, 105, 106], "excluded_lines": []}, "JWTAuthentication._validate_user": {"executed_lines": [114, 115, 118], "summary": {"covered_lines": 3, "num_statements": 4, "percent_covered": 75.0, "percent_covered_display": "75", "missing_lines": 1, "excluded_lines": 0}, "missing_lines": [119], "excluded_lines": []}, "JWTAuthentication.authenticate_header": {"executed_lines": [], "summary": {"covered_lines": 0, "num_statements": 1, "percent_covered": 0.0, "percent_covered_display": "0", "missing_lines": 1, "excluded_lines": 0}, "missing_lines": [125], "excluded_lines": []}, "": {"executed_lines": [1, 3, 4, 5, 7, 8, 10, 11, 14, 15, 21, 22, 23, 24, 25, 26, 27, 29, 36, 58, 74, 87, 90, 110, 121], "summary": {"covered_lines": 24, "num_statements": 24, "percent_covered": 100.0, "percent_covered_display": "100", "missing_lines": 0, "excluded_lines": 0}, "missing_lines": [], "excluded_lines": []}}, "classes": {"JWTAuthentication": {"executed_lines": [30, 34, 41, 42, 43, 44, 46, 47, 49, 62, 64, 65, 66, 67, 69, 70, 72, 78, 81, 82, 85, 88, 94, 95, 98, 99, 101, 102, 114, 115, 118], "summary": {"covered_lines": 31, "num_statements": 46, "percent_covered": 67.3913043478261, "percent_covered_display": "67", "missing_lines": 15, "excluded_lines": 0}, "missing_lines": [31, 51, 52, 53, 54, 55, 56, 79, 83, 96, 104, 105, 106, 119, 125], "excluded_lines": []}, "": {"executed_lines": [1, 3, 4, 5, 7, 8, 10, 11, 14, 15, 21, 22, 23, 24, 25, 26, 27, 29, 36, 58, 74, 87, 90, 110, 121], "summary": {"covered_lines": 24, "num_statements": 24, "percent_covered": 100.0, "percent_covered_display": "100", "missing_lines": 0, "excluded_lines": 0}, "missing_lines": [], "excluded_lines": []}}}, "dj_waanverse_auth\\backends.py": {"executed_lines": [1, 2, 3, 4, 5, 7, 10, 11, 17, 25, 26, 27, 28, 29, 30, 31, 32, 33, 37, 51, 52, 54, 55, 56, 57, 58, 60, 61, 65, 66, 67, 68, 70, 72], "summary": {"covered_lines": 33, "num_statements": 40, "percent_covered": 82.5, "percent_covered_display": "82", "missing_lines": 7, "excluded_lines": 0}, "missing_lines": [35, 62, 63, 76, 77, 78, 79], "excluded_lines": [], "functions": {"AuthenticationBackend._determine_login_method": {"executed_lines": [25, 26, 27, 28, 29, 30, 31, 32, 33], "summary": {"covered_lines": 9, "num_statements": 10, "percent_covered": 90.0, "percent_covered_display": "90", "missing_lines": 1, "excluded_lines": 0}, "missing_lines": [35], "excluded_lines": []}, "AuthenticationBackend.authenticate": {"executed_lines": [51, 52, 54, 55, 56, 57, 58, 60, 61, 65, 66, 67, 68, 70], "summary": {"covered_lines": 14, "num_statements": 16, "percent_covered": 87.5, "percent_covered_display": "88", "missing_lines": 2, "excluded_lines": 0}, "missing_lines": [62, 63], "excluded_lines": []}, "AuthenticationBackend.get_user": {"executed_lines": [], "summary": {"covered_lines": 0, "num_statements": 4, "percent_covered": 0.0, "percent_covered_display": "0", "missing_lines": 4, "excluded_lines": 0}, "missing_lines": [76, 77, 78, 79], "excluded_lines": []}, "": {"executed_lines": [1, 2, 3, 4, 5, 7, 10, 11, 17, 37, 72], "summary": {"covered_lines": 10, "num_statements": 10, "percent_covered": 100.0, "percent_covered_display": "100", "missing_lines": 0, "excluded_lines": 0}, "missing_lines": [], "excluded_lines": []}}, "classes": {"AuthenticationBackend": {"executed_lines": [25, 26, 27, 28, 29, 30, 31, 32, 33, 51, 52, 54, 55, 56, 57, 58, 60, 61, 65, 66, 67, 68, 70], "summary": {"covered_lines": 23, "num_statements": 30, "percent_covered": 76.66666666666667, "percent_covered_display": "77", "missing_lines": 7, "excluded_lines": 0}, "missing_lines": [35, 62, 63, 76, 77, 78, 79], "excluded_lines": []}, "": {"executed_lines": [1, 2, 3, 4, 5, 7, 10, 11, 17, 37, 72], "summary": {"covered_lines": 10, "num_statements": 10, "percent_covered": 100.0, "percent_covered_display": "100", "missing_lines": 0, "excluded_lines": 0}, "missing_lines": [], "excluded_lines": []}}}, "dj_waanverse_auth\\base_account.py": {"executed_lines": [1, 6, 7, 10, 11, 12, 15, 16, 17, 20, 21, 22, 23, 24, 26, 39, 40, 45, 48, 51, 58, 59, 60, 61, 62, 63, 64, 66, 68, 69, 71, 72, 74, 76, 80, 82, 85, 88, 91, 94, 97], "summary": {"covered_lines": 40, "num_statements": 57, "percent_covered": 70.17543859649123, "percent_covered_display": "70", "missing_lines": 17, "excluded_lines": 0}, "missing_lines": [13, 18, 27, 28, 29, 31, 32, 33, 34, 36, 77, 83, 86, 89, 92, 95, 99], "excluded_lines": [], "functions": {"AccountManager.create_user": {"executed_lines": [12, 15, 16, 17, 20, 21, 22, 23, 24], "summary": {"covered_lines": 9, "num_statements": 11, "percent_covered": 81.81818181818181, "percent_covered_display": "82", "missing_lines": 2, "excluded_lines": 0}, "missing_lines": [13, 18], "excluded_lines": []}, "AccountManager.create_superuser": {"executed_lines": [], "summary": {"covered_lines": 0, "num_statements": 8, "percent_covered": 0.0, "percent_covered_display": "0", "missing_lines": 8, "excluded_lines": 0}, "missing_lines": [27, 28, 29, 31, 32, 33, 34, 36], "excluded_lines": []}, "AbstractBaseAccount.clean": {"executed_lines": [76, 80], "summary": {"covered_lines": 2, "num_statements": 3, "percent_covered": 66.66666666666667, "percent_covered_display": "67", "missing_lines": 1, "excluded_lines": 0}, "missing_lines": [77], "excluded_lines": []}, "AbstractBaseAccount.__str__": {"executed_lines": [], "summary": {"covered_lines": 0, "num_statements": 1, "percent_covered": 0.0, "percent_covered_display": "0", "missing_lines": 1, "excluded_lines": 0}, "missing_lines": [83], "excluded_lines": []}, "AbstractBaseAccount.get_full_name": {"executed_lines": [], "summary": {"covered_lines": 0, "num_statements": 1, "percent_covered": 0.0, "percent_covered_display": "0", "missing_lines": 1, "excluded_lines": 0}, "missing_lines": [86], "excluded_lines": []}, "AbstractBaseAccount.get_short_name": {"executed_lines": [], "summary": {"covered_lines": 0, "num_statements": 1, "percent_covered": 0.0, "percent_covered_display": "0", "missing_lines": 1, "excluded_lines": 0}, "missing_lines": [89], "excluded_lines": []}, "AbstractBaseAccount.has_perm": {"executed_lines": [], "summary": {"covered_lines": 0, "num_statements": 1, "percent_covered": 0.0, "percent_covered_display": "0", "missing_lines": 1, "excluded_lines": 0}, "missing_lines": [92], "excluded_lines": []}, "AbstractBaseAccount.has_module_perms": {"executed_lines": [], "summary": {"covered_lines": 0, "num_statements": 1, "percent_covered": 0.0, "percent_covered_display": "0", "missing_lines": 1, "excluded_lines": 0}, "missing_lines": [95], "excluded_lines": []}, "AbstractBaseAccount.get_primary_contact": {"executed_lines": [], "summary": {"covered_lines": 0, "num_statements": 1, "percent_covered": 0.0, "percent_covered_display": "0", "missing_lines": 1, "excluded_lines": 0}, "missing_lines": [99], "excluded_lines": []}, "": {"executed_lines": [1, 6, 7, 10, 11, 26, 39, 40, 45, 48, 51, 58, 59, 60, 61, 62, 63, 64, 66, 68, 69, 71, 72, 74, 82, 85, 88, 91, 94, 97], "summary": {"covered_lines": 29, "num_statements": 29, "percent_covered": 100.0, "percent_covered_display": "100", "missing_lines": 0, "excluded_lines": 0}, "missing_lines": [], "excluded_lines": []}}, "classes": {"AccountManager": {"executed_lines": [12, 15, 16, 17, 20, 21, 22, 23, 24], "summary": {"covered_lines": 9, "num_statements": 19, "percent_covered": 47.36842105263158, "percent_covered_display": "47", "missing_lines": 10, "excluded_lines": 0}, "missing_lines": [13, 18, 27, 28, 29, 31, 32, 33, 34, 36], "excluded_lines": []}, "AbstractBaseAccount": {"executed_lines": [76, 80], "summary": {"covered_lines": 2, "num_statements": 9, "percent_covered": 22.22222222222222, "percent_covered_display": "22", "missing_lines": 7, "excluded_lines": 0}, "missing_lines": [77, 83, 86, 89, 92, 95, 99], "excluded_lines": []}, "AbstractBaseAccount.Meta": {"executed_lines": [], "summary": {"covered_lines": 0, "num_statements": 0, "percent_covered": 100.0, "percent_covered_display": "100", "missing_lines": 0, "excluded_lines": 0}, "missing_lines": [], "excluded_lines": []}, "": {"executed_lines": [1, 6, 7, 10, 11, 26, 39, 40, 45, 48, 51, 58, 59, 60, 61, 62, 63, 64, 66, 68, 69, 71, 72, 74, 82, 85, 88, 91, 94, 97], "summary": {"covered_lines": 29, "num_statements": 29, "percent_covered": 100.0, "percent_covered_display": "100", "missing_lines": 0, "excluded_lines": 0}, "missing_lines": [], "excluded_lines": []}}}, "dj_waanverse_auth\\middleware.py": {"executed_lines": [1, 3, 4, 6, 7, 9, 12, 13, 18, 19, 20, 28, 29, 33, 37, 38, 39, 40, 42, 46, 47, 48, 55, 59, 63, 67, 68, 70, 72, 73, 74, 76, 80, 81], "summary": {"covered_lines": 33, "num_statements": 42, "percent_covered": 78.57142857142857, "percent_covered_display": "79", "missing_lines": 9, "excluded_lines": 0}, "missing_lines": [30, 31, 49, 50, 51, 52, 53, 77, 78], "excluded_lines": [], "functions": {"DeviceAuthMiddleware.__init__": {"executed_lines": [19, 20, 28, 29], "summary": {"covered_lines": 4, "num_statements": 6, "percent_covered": 66.66666666666667, "percent_covered_display": "67", "missing_lines": 2, "excluded_lines": 0}, "missing_lines": [30, 31], "excluded_lines": []}, "DeviceAuthMiddleware.get_device_id": {"executed_lines": [37, 38, 39, 40], "summary": {"covered_lines": 4, "num_statements": 4, "percent_covered": 100.0, "percent_covered_display": "100", "missing_lines": 0, "excluded_lines": 0}, "missing_lines": [], "excluded_lines": []}, "DeviceAuthMiddleware.validate_device": {"executed_lines": [46, 47, 48], "summary": {"covered_lines": 3, "num_statements": 8, "percent_covered": 37.5, "percent_covered_display": "38", "missing_lines": 5, "excluded_lines": 0}, "missing_lines": [49, 50, 51, 52, 53], "excluded_lines": []}, "DeviceAuthMiddleware.should_skip_auth": {"executed_lines": [59], "summary": {"covered_lines": 1, "num_statements": 1, "percent_covered": 100.0, "percent_covered_display": "100", "missing_lines": 0, "excluded_lines": 0}, "missing_lines": [], "excluded_lines": []}, "DeviceAuthMiddleware.__call__": {"executed_lines": [67, 68, 70, 72, 73, 74, 76, 80, 81], "summary": {"covered_lines": 9, "num_statements": 11, "percent_covered": 81.81818181818181, "percent_covered_display": "82", "missing_lines": 2, "excluded_lines": 0}, "missing_lines": [77, 78], "excluded_lines": []}, "": {"executed_lines": [1, 3, 4, 6, 7, 9, 12, 13, 18, 33, 42, 55, 63], "summary": {"covered_lines": 12, "num_statements": 12, "percent_covered": 100.0, "percent_covered_display": "100", "missing_lines": 0, "excluded_lines": 0}, "missing_lines": [], "excluded_lines": []}}, "classes": {"DeviceAuthMiddleware": {"executed_lines": [19, 20, 28, 29, 37, 38, 39, 40, 46, 47, 48, 59, 67, 68, 70, 72, 73, 74, 76, 80, 81], "summary": {"covered_lines": 21, "num_statements": 30, "percent_covered": 70.0, "percent_covered_display": "70", "missing_lines": 9, "excluded_lines": 0}, "missing_lines": [30, 31, 49, 50, 51, 52, 53, 77, 78], "excluded_lines": []}, "": {"executed_lines": [1, 3, 4, 6, 7, 9, 12, 13, 18, 33, 42, 55, 63], "summary": {"covered_lines": 12, "num_statements": 12, "percent_covered": 100.0, "percent_covered_display": "100", "missing_lines": 0, "excluded_lines": 0}, "missing_lines": [], "excluded_lines": []}}}, "dj_waanverse_auth\\models.py": {"executed_lines": [1, 2, 4, 5, 6, 7, 9, 11, 14, 15, 18, 19, 20, 21, 22, 24, 28, 29, 36, 44, 45, 48, 49, 53, 57, 60, 62, 65, 66, 67, 70, 71, 72, 75, 76, 77, 78, 79, 80, 82, 86, 87, 90, 91, 92, 94, 95, 97, 99, 100, 102, 103, 105, 107, 110, 112, 114, 115, 117], "summary": {"covered_lines": 59, "num_statements": 63, "percent_covered": 93.65079365079364, "percent_covered_display": "94", "missing_lines": 4, "excluded_lines": 0}, "missing_lines": [25, 63, 83, 118], "excluded_lines": [], "functions": {"MultiFactorAuth.__str__": {"executed_lines": [], "summary": {"covered_lines": 0, "num_statements": 1, "percent_covered": 0.0, "percent_covered_display": "0", "missing_lines": 1, "excluded_lines": 0}, "missing_lines": [25], "excluded_lines": []}, "VerificationCode.is_expired": {"executed_lines": [57, 60], "summary": {"covered_lines": 2, "num_statements": 2, "percent_covered": 100.0, "percent_covered_display": "100", "missing_lines": 0, "excluded_lines": 0}, "missing_lines": [], "excluded_lines": []}, "VerificationCode.__str__": {"executed_lines": [], "summary": {"covered_lines": 0, "num_statements": 1, "percent_covered": 0.0, "percent_covered_display": "0", "missing_lines": 1, "excluded_lines": 0}, "missing_lines": [63], "excluded_lines": []}, "UserDevice.__str__": {"executed_lines": [], "summary": {"covered_lines": 0, "num_statements": 1, "percent_covered": 0.0, "percent_covered_display": "0", "missing_lines": 1, "excluded_lines": 0}, "missing_lines": [83], "excluded_lines": []}, "ResetPasswordToken.generate_code": {"executed_lines": [97], "summary": {"covered_lines": 1, "num_statements": 1, "percent_covered": 100.0, "percent_covered_display": "100", "missing_lines": 0, "excluded_lines": 0}, "missing_lines": [], "excluded_lines": []}, "ResetPasswordToken.create_for_user": {"executed_lines": [102, 103], "summary": {"covered_lines": 2, "num_statements": 2, "percent_covered": 100.0, "percent_covered_display": "100", "missing_lines": 0, "excluded_lines": 0}, "missing_lines": [], "excluded_lines": []}, "ResetPasswordToken.is_expired": {"executed_lines": [107, 110], "summary": {"covered_lines": 2, "num_statements": 2, "percent_covered": 100.0, "percent_covered_display": "100", "missing_lines": 0, "excluded_lines": 0}, "missing_lines": [], "excluded_lines": []}, "ResetPasswordToken.use_token": {"executed_lines": [114, 115], "summary": {"covered_lines": 2, "num_statements": 2, "percent_covered": 100.0, "percent_covered_display": "100", "missing_lines": 0, "excluded_lines": 0}, "missing_lines": [], "excluded_lines": []}, "ResetPasswordToken.__str__": {"executed_lines": [], "summary": {"covered_lines": 0, "num_statements": 1, "percent_covered": 0.0, "percent_covered_display": "0", "missing_lines": 1, "excluded_lines": 0}, "missing_lines": [118], "excluded_lines": []}, "": {"executed_lines": [1, 2, 4, 5, 6, 7, 9, 11, 14, 15, 18, 19, 20, 21, 22, 24, 28, 29, 36, 44, 45, 48, 49, 53, 62, 65, 66, 67, 70, 71, 72, 75, 76, 77, 78, 79, 80, 82, 86, 87, 90, 91, 92, 94, 95, 99, 100, 105, 112, 117], "summary": {"covered_lines": 50, "num_statements": 50, "percent_covered": 100.0, "percent_covered_display": "100", "missing_lines": 0, "excluded_lines": 0}, "missing_lines": [], "excluded_lines": []}}, "classes": {"MultiFactorAuth": {"executed_lines": [], "summary": {"covered_lines": 0, "num_statements": 1, "percent_covered": 0.0, "percent_covered_display": "0", "missing_lines": 1, "excluded_lines": 0}, "missing_lines": [25], "excluded_lines": []}, "VerificationCode": {"executed_lines": [57, 60], "summary": {"covered_lines": 2, "num_statements": 3, "percent_covered": 66.66666666666667, "percent_covered_display": "67", "missing_lines": 1, "excluded_lines": 0}, "missing_lines": [63], "excluded_lines": []}, "VerificationCode.Meta": {"executed_lines": [], "summary": {"covered_lines": 0, "num_statements": 0, "percent_covered": 100.0, "percent_covered_display": "100", "missing_lines": 0, "excluded_lines": 0}, "missing_lines": [], "excluded_lines": []}, "UserDevice": {"executed_lines": [], "summary": {"covered_lines": 0, "num_statements": 1, "percent_covered": 0.0, "percent_covered_display": "0", "missing_lines": 1, "excluded_lines": 0}, "missing_lines": [83], "excluded_lines": []}, "ResetPasswordToken": {"executed_lines": [97, 102, 103, 107, 110, 114, 115], "summary": {"covered_lines": 7, "num_statements": 8, "percent_covered": 87.5, "percent_covered_display": "88", "missing_lines": 1, "excluded_lines": 0}, "missing_lines": [118], "excluded_lines": []}, "": {"executed_lines": [1, 2, 4, 5, 6, 7, 9, 11, 14, 15, 18, 19, 20, 21, 22, 24, 28, 29, 36, 44, 45, 48, 49, 53, 62, 65, 66, 67, 70, 71, 72, 75, 76, 77, 78, 79, 80, 82, 86, 87, 90, 91, 92, 94, 95, 99, 100, 105, 112, 117], "summary": {"covered_lines": 50, "num_statements": 50, "percent_covered": 100.0, "percent_covered_display": "100", "missing_lines": 0, "excluded_lines": 0}, "missing_lines": [], "excluded_lines": []}}}, "dj_waanverse_auth\\routes\\authorization_urls.py": {"executed_lines": [1, 3, 10], "summary": {"covered_lines": 3, "num_statements": 3, "percent_covered": 100.0, "percent_covered_display": "100", "missing_lines": 0, "excluded_lines": 0}, "missing_lines": [], "excluded_lines": [], "functions": {"": {"executed_lines": [1, 3, 10], "summary": {"covered_lines": 3, "num_statements": 3, "percent_covered": 100.0, "percent_covered_display": "100", "missing_lines": 0, "excluded_lines": 0}, "missing_lines": [], "excluded_lines": []}}, "classes": {"": {"executed_lines": [1, 3, 10], "summary": {"covered_lines": 3, "num_statements": 3, "percent_covered": 100.0, "percent_covered_display": "100", "missing_lines": 0, "excluded_lines": 0}, "missing_lines": [], "excluded_lines": []}}}, "dj_waanverse_auth\\routes\\login_urls.py": {"executed_lines": [1, 3, 5], "summary": {"covered_lines": 3, "num_statements": 3, "percent_covered": 100.0, "percent_covered_display": "100", "missing_lines": 0, "excluded_lines": 0}, "missing_lines": [], "excluded_lines": [], "functions": {"": {"executed_lines": [1, 3, 5], "summary": {"covered_lines": 3, "num_statements": 3, "percent_covered": 100.0, "percent_covered_display": "100", "missing_lines": 0, "excluded_lines": 0}, "missing_lines": [], "excluded_lines": []}}, "classes": {"": {"executed_lines": [1, 3, 5], "summary": {"covered_lines": 3, "num_statements": 3, "percent_covered": 100.0, "percent_covered_display": "100", "missing_lines": 0, "excluded_lines": 0}, "missing_lines": [], "excluded_lines": []}}}, "dj_waanverse_auth\\routes\\mfa_urls.py": {"executed_lines": [1, 3, 4, 12], "summary": {"covered_lines": 4, "num_statements": 4, "percent_covered": 100.0, "percent_covered_display": "100", "missing_lines": 0, "excluded_lines": 0}, "missing_lines": [], "excluded_lines": [], "functions": {"": {"executed_lines": [1, 3, 4, 12], "summary": {"covered_lines": 4, "num_statements": 4, "percent_covered": 100.0, "percent_covered_display": "100", "missing_lines": 0, "excluded_lines": 0}, "missing_lines": [], "excluded_lines": []}}, "classes": {"": {"executed_lines": [1, 3, 4, 12], "summary": {"covered_lines": 4, "num_statements": 4, "percent_covered": 100.0, "percent_covered_display": "100", "missing_lines": 0, "excluded_lines": 0}, "missing_lines": [], "excluded_lines": []}}}, "dj_waanverse_auth\\routes\\password_urls.py": {"executed_lines": [1, 3, 8], "summary": {"covered_lines": 3, "num_statements": 3, "percent_covered": 100.0, "percent_covered_display": "100", "missing_lines": 0, "excluded_lines": 0}, "missing_lines": [], "excluded_lines": [], "functions": {"": {"executed_lines": [1, 3, 8], "summary": {"covered_lines": 3, "num_statements": 3, "percent_covered": 100.0, "percent_covered_display": "100", "missing_lines": 0, "excluded_lines": 0}, "missing_lines": [], "excluded_lines": []}}, "classes": {"": {"executed_lines": [1, 3, 8], "summary": {"covered_lines": 3, "num_statements": 3, "percent_covered": 100.0, "percent_covered_display": "100", "missing_lines": 0, "excluded_lines": 0}, "missing_lines": [], "excluded_lines": []}}}, "dj_waanverse_auth\\routes\\signup_urls.py": {"executed_lines": [1, 3, 9], "summary": {"covered_lines": 3, "num_statements": 3, "percent_covered": 100.0, "percent_covered_display": "100", "missing_lines": 0, "excluded_lines": 0}, "missing_lines": [], "excluded_lines": [], "functions": {"": {"executed_lines": [1, 3, 9], "summary": {"covered_lines": 3, "num_statements": 3, "percent_covered": 100.0, "percent_covered_display": "100", "missing_lines": 0, "excluded_lines": 0}, "missing_lines": [], "excluded_lines": []}}, "classes": {"": {"executed_lines": [1, 3, 9], "summary": {"covered_lines": 3, "num_statements": 3, "percent_covered": 100.0, "percent_covered_display": "100", "missing_lines": 0, "excluded_lines": 0}, "missing_lines": [], "excluded_lines": []}}}, "dj_waanverse_auth\\security\\utils.py": {"executed_lines": [1, 2, 4, 5, 7, 11, 41, 44, 45, 47, 54, 55, 56, 57, 59, 60, 65, 67, 68, 69, 70, 72, 76, 77, 78, 81, 85, 86, 95, 97, 99, 100], "summary": {"covered_lines": 32, "num_statements": 50, "percent_covered": 64.0, "percent_covered_display": "64", "missing_lines": 18, "excluded_lines": 0}, "missing_lines": [58, 62, 73, 88, 90, 91, 92, 103, 106, 109, 110, 111, 112, 113, 114, 117, 118, 120], "excluded_lines": [], "functions": {"get_ip_address": {"executed_lines": [44, 47, 54, 55, 56, 57, 59, 60], "summary": {"covered_lines": 8, "num_statements": 10, "percent_covered": 80.0, "percent_covered_display": "80", "missing_lines": 2, "excluded_lines": 0}, "missing_lines": [58, 62], "excluded_lines": []}, "get_ip_address.is_trusted_proxy": {"executed_lines": [45], "summary": {"covered_lines": 1, "num_statements": 1, "percent_covered": 100.0, "percent_covered_display": "100", "missing_lines": 0, "excluded_lines": 0}, "missing_lines": [], "excluded_lines": []}, "get_location_from_ip": {"executed_lines": [67, 68, 69, 70, 72, 76, 77, 78, 81, 85, 86], "summary": {"covered_lines": 11, "num_statements": 16, "percent_covered": 68.75, "percent_covered_display": "69", "missing_lines": 5, "excluded_lines": 0}, "missing_lines": [73, 88, 90, 91, 92], "excluded_lines": []}, "get_device": {"executed_lines": [97, 99, 100], "summary": {"covered_lines": 3, "num_statements": 14, "percent_covered": 21.428571428571427, "percent_covered_display": "21", "missing_lines": 11, "excluded_lines": 0}, "missing_lines": [103, 106, 109, 110, 111, 112, 113, 114, 117, 118, 120], "excluded_lines": []}, "": {"executed_lines": [1, 2, 4, 5, 7, 11, 41, 65, 95], "summary": {"covered_lines": 9, "num_statements": 9, "percent_covered": 100.0, "percent_covered_display": "100", "missing_lines": 0, "excluded_lines": 0}, "missing_lines": [], "excluded_lines": []}}, "classes": {"": {"executed_lines": [1, 2, 4, 5, 7, 11, 41, 44, 45, 47, 54, 55, 56, 57, 59, 60, 65, 67, 68, 69, 70, 72, 76, 77, 78, 81, 85, 86, 95, 97, 99, 100], "summary": {"covered_lines": 32, "num_statements": 50, "percent_covered": 64.0, "percent_covered_display": "64", "missing_lines": 18, "excluded_lines": 0}, "missing_lines": [58, 62, 73, 88, 90, 91, 92, 103, 106, 109, 110, 111, 112, 113, 114, 117, 118, 120], "excluded_lines": []}}}, "dj_waanverse_auth\\serializers\\login_serializers.py": {"executed_lines": [1, 2, 3, 5, 8, 9, 14, 22, 33, 37, 42, 44, 49, 50, 51, 54, 60, 61, 68, 69, 70, 71, 73, 81, 83, 87], "summary": {"covered_lines": 25, "num_statements": 27, "percent_covered": 92.5925925925926, "percent_covered_display": "93", "missing_lines": 2, "excluded_lines": 0}, "missing_lines": [38, 88], "excluded_lines": [], "functions": {"LoginSerializer.validate_login_field": {"executed_lines": [37, 42], "summary": {"covered_lines": 2, "num_statements": 3, "percent_covered": 66.66666666666667, "percent_covered_display": "67", "missing_lines": 1, "excluded_lines": 0}, "missing_lines": [38], "excluded_lines": []}, "LoginSerializer.validate": {"executed_lines": [49, 50, 51, 54, 60, 61, 68, 69, 70, 71, 73, 81], "summary": {"covered_lines": 12, "num_statements": 12, "percent_covered": 100.0, "percent_covered_display": "100", "missing_lines": 0, "excluded_lines": 0}, "missing_lines": [], "excluded_lines": []}, "LoginSerializer._validate_account_status": {"executed_lines": [87], "summary": {"covered_lines": 1, "num_statements": 2, "percent_covered": 50.0, "percent_covered_display": "50", "missing_lines": 1, "excluded_lines": 0}, "missing_lines": [88], "excluded_lines": []}, "": {"executed_lines": [1, 2, 3, 5, 8, 9, 14, 22, 33, 44, 83], "summary": {"covered_lines": 10, "num_statements": 10, "percent_covered": 100.0, "percent_covered_display": "100", "missing_lines": 0, "excluded_lines": 0}, "missing_lines": [], "excluded_lines": []}}, "classes": {"LoginSerializer": {"executed_lines": [37, 42, 49, 50, 51, 54, 60, 61, 68, 69, 70, 71, 73, 81, 87], "summary": {"covered_lines": 15, "num_statements": 17, "percent_covered": 88.23529411764706, "percent_covered_display": "88", "missing_lines": 2, "excluded_lines": 0}, "missing_lines": [38, 88], "excluded_lines": []}, "": {"executed_lines": [1, 2, 3, 5, 8, 9, 14, 22, 33, 44, 83], "summary": {"covered_lines": 10, "num_statements": 10, "percent_covered": 100.0, "percent_covered_display": "100", "missing_lines": 0, "excluded_lines": 0}, "missing_lines": [], "excluded_lines": []}}}, "dj_waanverse_auth\\serializers\\password_serializers.py": {"executed_lines": [1, 3, 4, 5, 6, 7, 8, 10, 11, 13, 14, 17, 18, 26, 27, 28, 30, 32, 34, 35, 36, 37, 38, 42, 43, 45, 46, 47, 48, 49, 50, 51, 59, 60, 61, 62, 63, 65, 66, 67, 71, 72, 73, 74, 76, 77, 83, 84, 87, 88, 91, 92, 94, 95, 96, 98, 99, 100, 102, 103, 104, 105, 107], "summary": {"covered_lines": 63, "num_statements": 68, "percent_covered": 92.6470588235294, "percent_covered_display": "93", "missing_lines": 5, "excluded_lines": 0}, "missing_lines": [52, 53, 54, 78, 79], "excluded_lines": [], "functions": {"InitiatePasswordResetSerializer.__init__": {"executed_lines": [27, 28], "summary": {"covered_lines": 2, "num_statements": 2, "percent_covered": 100.0, "percent_covered_display": "100", "missing_lines": 0, "excluded_lines": 0}, "missing_lines": [], "excluded_lines": []}, "InitiatePasswordResetSerializer.validate_email_address": {"executed_lines": [32], "summary": {"covered_lines": 1, "num_statements": 1, "percent_covered": 100.0, "percent_covered_display": "100", "missing_lines": 0, "excluded_lines": 0}, "missing_lines": [], "excluded_lines": []}, "InitiatePasswordResetSerializer.validate": {"executed_lines": [35, 36, 37, 38, 42, 43], "summary": {"covered_lines": 6, "num_statements": 6, "percent_covered": 100.0, "percent_covered_display": "100", "missing_lines": 0, "excluded_lines": 0}, "missing_lines": [], "excluded_lines": []}, "InitiatePasswordResetSerializer.create": {"executed_lines": [46, 47, 48, 49, 50, 51], "summary": {"covered_lines": 6, "num_statements": 9, "percent_covered": 66.66666666666667, "percent_covered_display": "67", "missing_lines": 3, "excluded_lines": 0}, "missing_lines": [52, 53, 54], "excluded_lines": []}, "ResetPasswordSerializer.validate": {"executed_lines": [66, 67, 71, 72, 73, 74, 76, 77, 83, 84, 87, 88, 91, 92, 94, 95, 96], "summary": {"covered_lines": 17, "num_statements": 19, "percent_covered": 89.47368421052632, "percent_covered_display": "89", "missing_lines": 2, "excluded_lines": 0}, "missing_lines": [78, 79], "excluded_lines": []}, "ResetPasswordSerializer.save": {"executed_lines": [99, 100, 102, 103, 104, 105, 107], "summary": {"covered_lines": 7, "num_statements": 7, "percent_covered": 100.0, "percent_covered_display": "100", "missing_lines": 0, "excluded_lines": 0}, "missing_lines": [], "excluded_lines": []}, "": {"executed_lines": [1, 3, 4, 5, 6, 7, 8, 10, 11, 13, 14, 17, 18, 26, 30, 34, 45, 59, 60, 61, 62, 63, 65, 98], "summary": {"covered_lines": 24, "num_statements": 24, "percent_covered": 100.0, "percent_covered_display": "100", "missing_lines": 0, "excluded_lines": 0}, "missing_lines": [], "excluded_lines": []}}, "classes": {"InitiatePasswordResetSerializer": {"executed_lines": [27, 28, 32, 35, 36, 37, 38, 42, 43, 46, 47, 48, 49, 50, 51], "summary": {"covered_lines": 15, "num_statements": 18, "percent_covered": 83.33333333333333, "percent_covered_display": "83", "missing_lines": 3, "excluded_lines": 0}, "missing_lines": [52, 53, 54], "excluded_lines": []}, "ResetPasswordSerializer": {"executed_lines": [66, 67, 71, 72, 73, 74, 76, 77, 83, 84, 87, 88, 91, 92, 94, 95, 96, 99, 100, 102, 103, 104, 105, 107], "summary": {"covered_lines": 24, "num_statements": 26, "percent_covered": 92.3076923076923, "percent_covered_display": "92", "missing_lines": 2, "excluded_lines": 0}, "missing_lines": [78, 79], "excluded_lines": []}, "": {"executed_lines": [1, 3, 4, 5, 6, 7, 8, 10, 11, 13, 14, 17, 18, 26, 30, 34, 45, 59, 60, 61, 62, 63, 65, 98], "summary": {"covered_lines": 24, "num_statements": 24, "percent_covered": 100.0, "percent_covered_display": "100", "missing_lines": 0, "excluded_lines": 0}, "missing_lines": [], "excluded_lines": []}}}, "dj_waanverse_auth\\serializers\\signup_serializers.py": {"executed_lines": [1, 2, 4, 5, 6, 7, 8, 9, 10, 12, 13, 14, 16, 18, 21, 22, 26, 31, 50, 57, 64, 65, 66, 68, 72, 74, 78, 79, 85, 89, 95, 97, 101, 102, 105, 107, 111, 116, 117, 120, 121, 122, 126, 128, 132, 134, 141, 142, 143, 144, 145, 146, 151, 157, 161, 164, 165, 178, 179, 180, 182, 186, 187, 188, 190, 192, 193, 194, 195, 196, 197, 198, 199, 200, 205, 206, 207, 209, 213, 214, 216, 217, 221, 222, 223, 225, 227, 228, 230, 234, 235, 237, 240, 241, 242, 244], "summary": {"covered_lines": 95, "num_statements": 105, "percent_covered": 90.47619047619048, "percent_covered_display": "90", "missing_lines": 10, "excluded_lines": 0}, "missing_lines": [80, 86, 90, 103, 104, 112, 147, 148, 149, 155], "excluded_lines": [], "functions": {"SignupSerializer.__init__": {"executed_lines": [65, 66], "summary": {"covered_lines": 2, "num_statements": 2, "percent_covered": 100.0, "percent_covered_display": "100", "missing_lines": 0, "excluded_lines": 0}, "missing_lines": [], "excluded_lines": []}, "SignupSerializer.validate_email_address": {"executed_lines": [72], "summary": {"covered_lines": 1, "num_statements": 1, "percent_covered": 100.0, "percent_covered_display": "100", "missing_lines": 0, "excluded_lines": 0}, "missing_lines": [], "excluded_lines": []}, "SignupSerializer.validate_username": {"executed_lines": [78, 79, 85, 89, 95], "summary": {"covered_lines": 5, "num_statements": 8, "percent_covered": 62.5, "percent_covered_display": "62", "missing_lines": 3, "excluded_lines": 0}, "missing_lines": [80, 86, 90], "excluded_lines": []}, "SignupSerializer.validate_password": {"executed_lines": [101, 102, 105], "summary": {"covered_lines": 3, "num_statements": 5, "percent_covered": 60.0, "percent_covered_display": "60", "missing_lines": 2, "excluded_lines": 0}, "missing_lines": [103, 104], "excluded_lines": []}, "SignupSerializer.validate": {"executed_lines": [111, 116, 117, 120, 121, 122, 126], "summary": {"covered_lines": 7, "num_statements": 8, "percent_covered": 87.5, "percent_covered_display": "88", "missing_lines": 1, "excluded_lines": 0}, "missing_lines": [112], "excluded_lines": []}, "SignupSerializer.create": {"executed_lines": [132, 134, 141, 142, 143, 144, 145, 146], "summary": {"covered_lines": 8, "num_statements": 11, "percent_covered": 72.72727272727273, "percent_covered_display": "73", "missing_lines": 3, "excluded_lines": 0}, "missing_lines": [147, 148, 149], "excluded_lines": []}, "SignupSerializer.get_additional_fields": {"executed_lines": [], "summary": {"covered_lines": 0, "num_statements": 1, "percent_covered": 0.0, "percent_covered_display": "0", "missing_lines": 1, "excluded_lines": 0}, "missing_lines": [155], "excluded_lines": []}, "SignupSerializer.perform_post_creation_tasks": {"executed_lines": [161], "summary": {"covered_lines": 1, "num_statements": 1, "percent_covered": 100.0, "percent_covered_display": "100", "missing_lines": 0, "excluded_lines": 0}, "missing_lines": [], "excluded_lines": []}, "InitiateEmailVerificationSerializer.__init__": {"executed_lines": [179, 180], "summary": {"covered_lines": 2, "num_statements": 2, "percent_covered": 100.0, "percent_covered_display": "100", "missing_lines": 0, "excluded_lines": 0}, "missing_lines": [], "excluded_lines": []}, "InitiateEmailVerificationSerializer.validate_email_address": {"executed_lines": [186, 187, 188, 190], "summary": {"covered_lines": 4, "num_statements": 4, "percent_covered": 100.0, "percent_covered_display": "100", "missing_lines": 0, "excluded_lines": 0}, "missing_lines": [], "excluded_lines": []}, "InitiateEmailVerificationSerializer.create": {"executed_lines": [193, 194, 195, 196, 197, 198, 199, 200], "summary": {"covered_lines": 8, "num_statements": 8, "percent_covered": 100.0, "percent_covered_display": "100", "missing_lines": 0, "excluded_lines": 0}, "missing_lines": [], "excluded_lines": []}, "VerifyEmailSerializer.validate": {"executed_lines": [213, 214, 216, 217, 221, 222, 223, 225, 227, 228], "summary": {"covered_lines": 10, "num_statements": 10, "percent_covered": 100.0, "percent_covered_display": "100", "missing_lines": 0, "excluded_lines": 0}, "missing_lines": [], "excluded_lines": []}, "VerifyEmailSerializer.create": {"executed_lines": [234, 235, 237, 240, 241, 242, 244], "summary": {"covered_lines": 7, "num_statements": 7, "percent_covered": 100.0, "percent_covered_display": "100", "missing_lines": 0, "excluded_lines": 0}, "missing_lines": [], "excluded_lines": []}, "": {"executed_lines": [1, 2, 4, 5, 6, 7, 8, 9, 10, 12, 13, 14, 16, 18, 21, 22, 26, 31, 50, 57, 64, 68, 74, 97, 107, 128, 151, 157, 164, 165, 178, 182, 192, 205, 206, 207, 209, 230], "summary": {"covered_lines": 37, "num_statements": 37, "percent_covered": 100.0, "percent_covered_display": "100", "missing_lines": 0, "excluded_lines": 0}, "missing_lines": [], "excluded_lines": []}}, "classes": {"SignupSerializer": {"executed_lines": [65, 66, 72, 78, 79, 85, 89, 95, 101, 102, 105, 111, 116, 117, 120, 121, 122, 126, 132, 134, 141, 142, 143, 144, 145, 146, 161], "summary": {"covered_lines": 27, "num_statements": 37, "percent_covered": 72.97297297297297, "percent_covered_display": "73", "missing_lines": 10, "excluded_lines": 0}, "missing_lines": [80, 86, 90, 103, 104, 112, 147, 148, 149, 155], "excluded_lines": []}, "InitiateEmailVerificationSerializer": {"executed_lines": [179, 180, 186, 187, 188, 190, 193, 194, 195, 196, 197, 198, 199, 200], "summary": {"covered_lines": 14, "num_statements": 14, "percent_covered": 100.0, "percent_covered_display": "100", "missing_lines": 0, "excluded_lines": 0}, "missing_lines": [], "excluded_lines": []}, "VerifyEmailSerializer": {"executed_lines": [213, 214, 216, 217, 221, 222, 223, 225, 227, 228, 234, 235, 237, 240, 241, 242, 244], "summary": {"covered_lines": 17, "num_statements": 17, "percent_covered": 100.0, "percent_covered_display": "100", "missing_lines": 0, "excluded_lines": 0}, "missing_lines": [], "excluded_lines": []}, "": {"executed_lines": [1, 2, 4, 5, 6, 7, 8, 9, 10, 12, 13, 14, 16, 18, 21, 22, 26, 31, 50, 57, 64, 68, 74, 97, 107, 128, 151, 157, 164, 165, 178, 182, 192, 205, 206, 207, 209, 230], "summary": {"covered_lines": 37, "num_statements": 37, "percent_covered": 100.0, "percent_covered_display": "100", "missing_lines": 0, "excluded_lines": 0}, "missing_lines": [], "excluded_lines": []}}}, "dj_waanverse_auth\\services\\email_service.py": {"executed_lines": [3, 4, 5, 6, 7, 8, 9, 11, 12, 13, 14, 15, 16, 17, 18, 19, 20, 22, 27, 29, 31, 34, 35, 37, 38, 39, 40, 41, 42, 43, 46, 47, 49, 50, 51, 54, 55, 56, 58, 59, 62, 63, 66, 69, 70, 73, 74, 77, 78, 81, 82, 84, 87, 88, 90, 92, 93, 94, 95, 97, 98, 100, 101, 106, 108, 109, 111, 112, 113, 114, 116, 118, 119, 120, 124, 146, 147, 148, 150, 151, 153, 154, 157, 158, 164, 173, 181, 204, 205, 207, 209, 217, 218, 221, 224, 233, 236, 241, 242, 244, 246, 271, 273, 274, 276, 282, 287, 288, 290, 292, 295, 309, 311, 313, 314, 317, 319, 320, 323, 324, 328, 336, 338, 342, 350, 356, 358, 359, 360, 366, 374, 375, 377, 391, 395, 396, 398, 402, 417, 452, 453, 467, 470, 471, 474], "summary": {"covered_lines": 139, "num_statements": 178, "percent_covered": 78.08988764044943, "percent_covered_display": "78", "missing_lines": 39, "excluded_lines": 0}, "missing_lines": [121, 122, 166, 168, 174, 175, 176, 177, 178, 179, 222, 237, 238, 277, 297, 298, 307, 318, 357, 379, 383, 397, 414, 415, 430, 431, 434, 435, 436, 441, 443, 444, 445, 446, 447, 448, 450, 468, 472], "excluded_lines": [], "functions": {"EmailService.__init__": {"executed_lines": [92, 93, 94, 95], "summary": {"covered_lines": 4, "num_statements": 4, "percent_covered": 100.0, "percent_covered_display": "100", "missing_lines": 0, "excluded_lines": 0}, "missing_lines": [], "excluded_lines": []}, "EmailService.connection": {"executed_lines": [100, 101, 106], "summary": {"covered_lines": 3, "num_statements": 3, "percent_covered": 100.0, "percent_covered_display": "100", "missing_lines": 0, "excluded_lines": 0}, "missing_lines": [], "excluded_lines": []}, "EmailService.EmailThread.__init__": {"executed_lines": [112, 113, 114], "summary": {"covered_lines": 3, "num_statements": 3, "percent_covered": 100.0, "percent_covered_display": "100", "missing_lines": 0, "excluded_lines": 0}, "missing_lines": [], "excluded_lines": []}, "EmailService.EmailThread.run": {"executed_lines": [118, 119, 120], "summary": {"covered_lines": 3, "num_statements": 5, "percent_covered": 60.0, "percent_covered_display": "60", "missing_lines": 2, "excluded_lines": 0}, "missing_lines": [121, 122], "excluded_lines": []}, "EmailService.validate_email": {"executed_lines": [146, 147, 148, 150, 151, 153, 154, 157, 158, 164, 173], "summary": {"covered_lines": 11, "num_statements": 19, "percent_covered": 57.89473684210526, "percent_covered_display": "58", "missing_lines": 8, "excluded_lines": 0}, "missing_lines": [166, 168, 174, 175, 176, 177, 178, 179], "excluded_lines": []}, "EmailService.prepare_email_message": {"executed_lines": [204, 205, 207, 209, 217, 218, 221, 224, 233, 236, 241, 242, 244], "summary": {"covered_lines": 13, "num_statements": 16, "percent_covered": 81.25, "percent_covered_display": "81", "missing_lines": 3, "excluded_lines": 0}, "missing_lines": [222, 237, 238], "excluded_lines": []}, "EmailService.send_email": {"executed_lines": [271, 273, 274, 276, 282, 287, 288, 290, 292, 295], "summary": {"covered_lines": 10, "num_statements": 14, "percent_covered": 71.42857142857143, "percent_covered_display": "71", "missing_lines": 4, "excluded_lines": 0}, "missing_lines": [277, 297, 298, 307], "excluded_lines": []}, "EmailService.send_verification_email": {"executed_lines": [311, 313, 314, 317, 319, 320, 323, 324, 328], "summary": {"covered_lines": 9, "num_statements": 10, "percent_covered": 90.0, "percent_covered_display": "90", "missing_lines": 1, "excluded_lines": 0}, "missing_lines": [318], "excluded_lines": []}, "EmailService.send_password_reset_email": {"executed_lines": [338, 342], "summary": {"covered_lines": 2, "num_statements": 2, "percent_covered": 100.0, "percent_covered_display": "100", "missing_lines": 0, "excluded_lines": 0}, "missing_lines": [], "excluded_lines": []}, "EmailService.send_login_alert": {"executed_lines": [356, 358, 359, 360, 366, 374, 375], "summary": {"covered_lines": 7, "num_statements": 8, "percent_covered": 87.5, "percent_covered_display": "88", "missing_lines": 1, "excluded_lines": 0}, "missing_lines": [357], "excluded_lines": []}, "EmailService.send_account_locked_notification": {"executed_lines": [], "summary": {"covered_lines": 0, "num_statements": 2, "percent_covered": 0.0, "percent_covered_display": "0", "missing_lines": 2, "excluded_lines": 0}, "missing_lines": [379, 383], "excluded_lines": []}, "EmailService.send_mfa_change_notification": {"executed_lines": [395, 396, 398, 402], "summary": {"covered_lines": 4, "num_statements": 7, "percent_covered": 57.142857142857146, "percent_covered_display": "57", "missing_lines": 3, "excluded_lines": 0}, "missing_lines": [397, 414, 415], "excluded_lines": []}, "EmailService.send_batch_emails": {"executed_lines": [], "summary": {"covered_lines": 0, "num_statements": 13, "percent_covered": 0.0, "percent_covered_display": "0", "missing_lines": 13, "excluded_lines": 0}, "missing_lines": [430, 431, 434, 435, 436, 441, 443, 444, 445, 446, 447, 448, 450], "excluded_lines": []}, "EmailService.generate_verification_code": {"executed_lines": [467, 470, 471, 474], "summary": {"covered_lines": 4, "num_statements": 6, "percent_covered": 66.66666666666667, "percent_covered_display": "67", "missing_lines": 2, "excluded_lines": 0}, "missing_lines": [468, 472], "excluded_lines": []}, "": {"executed_lines": [3, 4, 5, 6, 7, 8, 9, 11, 12, 13, 14, 15, 16, 17, 18, 19, 20, 22, 27, 29, 31, 34, 35, 37, 38, 39, 40, 41, 42, 43, 46, 47, 49, 50, 51, 54, 55, 56, 58, 59, 62, 63, 66, 69, 70, 73, 74, 77, 78, 81, 82, 84, 87, 88, 90, 97, 98, 108, 109, 111, 116, 124, 181, 246, 309, 336, 350, 377, 391, 417, 452, 453], "summary": {"covered_lines": 66, "num_statements": 66, "percent_covered": 100.0, "percent_covered_display": "100", "missing_lines": 0, "excluded_lines": 0}, "missing_lines": [], "excluded_lines": []}}, "classes": {"EmailTemplate": {"executed_lines": [], "summary": {"covered_lines": 0, "num_statements": 0, "percent_covered": 100.0, "percent_covered_display": "100", "missing_lines": 0, "excluded_lines": 0}, "missing_lines": [], "excluded_lines": []}, "EmailPriority": {"executed_lines": [], "summary": {"covered_lines": 0, "num_statements": 0, "percent_covered": 100.0, "percent_covered_display": "100", "missing_lines": 0, "excluded_lines": 0}, "missing_lines": [], "excluded_lines": []}, "EmailConfig": {"executed_lines": [], "summary": {"covered_lines": 0, "num_statements": 0, "percent_covered": 100.0, "percent_covered_display": "100", "missing_lines": 0, "excluded_lines": 0}, "missing_lines": [], "excluded_lines": []}, "EmailValidationError": {"executed_lines": [], "summary": {"covered_lines": 0, "num_statements": 0, "percent_covered": 100.0, "percent_covered_display": "100", "missing_lines": 0, "excluded_lines": 0}, "missing_lines": [], "excluded_lines": []}, "EmailService": {"executed_lines": [92, 93, 94, 95, 100, 101, 106, 146, 147, 148, 150, 151, 153, 154, 157, 158, 164, 173, 204, 205, 207, 209, 217, 218, 221, 224, 233, 236, 241, 242, 244, 271, 273, 274, 276, 282, 287, 288, 290, 292, 295, 311, 313, 314, 317, 319, 320, 323, 324, 328, 338, 342, 356, 358, 359, 360, 366, 374, 375, 395, 396, 398, 402, 467, 470, 471, 474], "summary": {"covered_lines": 67, "num_statements": 104, "percent_covered": 64.42307692307692, "percent_covered_display": "64", "missing_lines": 37, "excluded_lines": 0}, "missing_lines": [166, 168, 174, 175, 176, 177, 178, 179, 222, 237, 238, 277, 297, 298, 307, 318, 357, 379, 383, 397, 414, 415, 430, 431, 434, 435, 436, 441, 443, 444, 445, 446, 447, 448, 450, 468, 472], "excluded_lines": []}, "EmailService.EmailThread": {"executed_lines": [112, 113, 114, 118, 119, 120], "summary": {"covered_lines": 6, "num_statements": 8, "percent_covered": 75.0, "percent_covered_display": "75", "missing_lines": 2, "excluded_lines": 0}, "missing_lines": [121, 122], "excluded_lines": []}, "": {"executed_lines": [3, 4, 5, 6, 7, 8, 9, 11, 12, 13, 14, 15, 16, 17, 18, 19, 20, 22, 27, 29, 31, 34, 35, 37, 38, 39, 40, 41, 42, 43, 46, 47, 49, 50, 51, 54, 55, 56, 58, 59, 62, 63, 66, 69, 70, 73, 74, 77, 78, 81, 82, 84, 87, 88, 90, 97, 98, 108, 109, 111, 116, 124, 181, 246, 309, 336, 350, 377, 391, 417, 452, 453], "summary": {"covered_lines": 66, "num_statements": 66, "percent_covered": 100.0, "percent_covered_display": "100", "missing_lines": 0, "excluded_lines": 0}, "missing_lines": [], "excluded_lines": []}}}, "dj_waanverse_auth\\services\\mfa_service.py": {"executed_lines": [1, 2, 3, 4, 6, 7, 8, 9, 10, 12, 13, 14, 16, 19, 20, 22, 27, 28, 29, 31, 36, 37, 39, 41, 42, 44, 46, 48, 50, 51, 53, 54, 56, 58, 60, 61, 62, 63, 64, 66, 67, 68, 74, 76, 78, 79, 84, 89, 90, 91, 100, 106, 107, 108, 110, 112, 113, 114, 115, 116, 117, 118, 120, 121, 128, 130, 132, 134, 138, 139, 141, 143, 145, 146, 149, 150, 152, 154, 155, 157, 162, 168, 169, 171, 172, 174, 178, 179, 181, 183], "summary": {"covered_lines": 89, "num_statements": 101, "percent_covered": 88.11881188118812, "percent_covered_display": "88", "missing_lines": 12, "excluded_lines": 0}, "missing_lines": [71, 72, 77, 80, 81, 82, 124, 125, 126, 185, 186, 187], "excluded_lines": [], "functions": {"MFAHandler.__init__": {"executed_lines": [27, 28, 29], "summary": {"covered_lines": 3, "num_statements": 3, "percent_covered": 100.0, "percent_covered_display": "100", "missing_lines": 0, "excluded_lines": 0}, "missing_lines": [], "excluded_lines": []}, "MFAHandler._derive_key": {"executed_lines": [36, 37], "summary": {"covered_lines": 2, "num_statements": 2, "percent_covered": 100.0, "percent_covered_display": "100", "missing_lines": 0, "excluded_lines": 0}, "missing_lines": [], "excluded_lines": []}, "MFAHandler.get_mfa": {"executed_lines": [41, 42], "summary": {"covered_lines": 2, "num_statements": 2, "percent_covered": 100.0, "percent_covered_display": "100", "missing_lines": 0, "excluded_lines": 0}, "missing_lines": [], "excluded_lines": []}, "MFAHandler.is_mfa_enabled": {"executed_lines": [46], "summary": {"covered_lines": 1, "num_statements": 1, "percent_covered": 100.0, "percent_covered_display": "100", "missing_lines": 0, "excluded_lines": 0}, "missing_lines": [], "excluded_lines": []}, "MFAHandler.generate_secret": {"executed_lines": [50, 51, 53, 54, 56], "summary": {"covered_lines": 5, "num_statements": 5, "percent_covered": 100.0, "percent_covered_display": "100", "missing_lines": 0, "excluded_lines": 0}, "missing_lines": [], "excluded_lines": []}, "MFAHandler.activate_mfa": {"executed_lines": [60, 61, 62, 63, 64, 66, 67, 68], "summary": {"covered_lines": 8, "num_statements": 10, "percent_covered": 80.0, "percent_covered_display": "80", "missing_lines": 2, "excluded_lines": 0}, "missing_lines": [71, 72], "excluded_lines": []}, "MFAHandler.get_decoded_secret": {"executed_lines": [76, 78, 79], "summary": {"covered_lines": 3, "num_statements": 7, "percent_covered": 42.857142857142854, "percent_covered_display": "43", "missing_lines": 4, "excluded_lines": 0}, "missing_lines": [77, 80, 81, 82], "excluded_lines": []}, "MFAHandler.get_provisioning_uri": {"executed_lines": [89, 90, 91], "summary": {"covered_lines": 3, "num_statements": 3, "percent_covered": 100.0, "percent_covered_display": "100", "missing_lines": 0, "excluded_lines": 0}, "missing_lines": [], "excluded_lines": []}, "MFAHandler.verify_token": {"executed_lines": [106, 107, 108], "summary": {"covered_lines": 3, "num_statements": 3, "percent_covered": 100.0, "percent_covered_display": "100", "missing_lines": 0, "excluded_lines": 0}, "missing_lines": [], "excluded_lines": []}, "MFAHandler.disable_mfa": {"executed_lines": [112, 113, 114, 115, 116, 117, 118, 120, 121], "summary": {"covered_lines": 9, "num_statements": 12, "percent_covered": 75.0, "percent_covered_display": "75", "missing_lines": 3, "excluded_lines": 0}, "missing_lines": [124, 125, 126], "excluded_lines": []}, "MFAHandler.generate_recovery_codes": {"executed_lines": [130, 132, 134, 138, 139, 141], "summary": {"covered_lines": 6, "num_statements": 6, "percent_covered": 100.0, "percent_covered_display": "100", "missing_lines": 0, "excluded_lines": 0}, "missing_lines": [], "excluded_lines": []}, "MFAHandler.set_recovery_codes": {"executed_lines": [145, 146, 149, 150], "summary": {"covered_lines": 4, "num_statements": 4, "percent_covered": 100.0, "percent_covered_display": "100", "missing_lines": 0, "excluded_lines": 0}, "missing_lines": [], "excluded_lines": []}, "MFAHandler.get_recovery_codes": {"executed_lines": [154, 155, 157], "summary": {"covered_lines": 3, "num_statements": 3, "percent_covered": 100.0, "percent_covered_display": "100", "missing_lines": 0, "excluded_lines": 0}, "missing_lines": [], "excluded_lines": []}, "MFAHandler.verify_recovery_code": {"executed_lines": [168, 169, 171, 172, 174, 178, 179, 181, 183], "summary": {"covered_lines": 9, "num_statements": 12, "percent_covered": 75.0, "percent_covered_display": "75", "missing_lines": 3, "excluded_lines": 0}, "missing_lines": [185, 186, 187], "excluded_lines": []}, "": {"executed_lines": [1, 2, 3, 4, 6, 7, 8, 9, 10, 12, 13, 14, 16, 19, 20, 22, 31, 39, 44, 48, 58, 74, 84, 100, 110, 128, 143, 152, 162], "summary": {"covered_lines": 28, "num_statements": 28, "percent_covered": 100.0, "percent_covered_display": "100", "missing_lines": 0, "excluded_lines": 0}, "missing_lines": [], "excluded_lines": []}}, "classes": {"MFAHandler": {"executed_lines": [27, 28, 29, 36, 37, 41, 42, 46, 50, 51, 53, 54, 56, 60, 61, 62, 63, 64, 66, 67, 68, 76, 78, 79, 89, 90, 91, 106, 107, 108, 112, 113, 114, 115, 116, 117, 118, 120, 121, 130, 132, 134, 138, 139, 141, 145, 146, 149, 150, 154, 155, 157, 168, 169, 171, 172, 174, 178, 179, 181, 183], "summary": {"covered_lines": 61, "num_statements": 73, "percent_covered": 83.56164383561644, "percent_covered_display": "84", "missing_lines": 12, "excluded_lines": 0}, "missing_lines": [71, 72, 77, 80, 81, 82, 124, 125, 126, 185, 186, 187], "excluded_lines": []}, "": {"executed_lines": [1, 2, 3, 4, 6, 7, 8, 9, 10, 12, 13, 14, 16, 19, 20, 22, 31, 39, 44, 48, 58, 74, 84, 100, 110, 128, 143, 152, 162], "summary": {"covered_lines": 28, "num_statements": 28, "percent_covered": 100.0, "percent_covered_display": "100", "missing_lines": 0, "excluded_lines": 0}, "missing_lines": [], "excluded_lines": []}}}, "dj_waanverse_auth\\services\\token_classes.py": {"executed_lines": [2, 3, 5, 7, 9, 11, 14, 15, 18, 19, 21, 22, 23, 25, 26, 27, 28, 33, 35, 39, 40, 42, 43, 44, 51, 52, 57, 58, 62, 63, 65, 71, 72, 73, 80, 85, 86, 98, 99, 101], "summary": {"covered_lines": 40, "num_statements": 64, "percent_covered": 62.5, "percent_covered_display": "62", "missing_lines": 24, "excluded_lines": 0}, "missing_lines": [29, 30, 31, 36, 37, 53, 54, 55, 60, 66, 69, 81, 82, 83, 88, 89, 90, 91, 92, 93, 94, 95, 96, 102], "excluded_lines": [], "functions": {"RefreshToken.__init__": {"executed_lines": [22, 23, 25, 26, 27, 28], "summary": {"covered_lines": 6, "num_statements": 9, "percent_covered": 66.66666666666667, "percent_covered_display": "67", "missing_lines": 3, "excluded_lines": 0}, "missing_lines": [29, 30, 31], "excluded_lines": []}, "RefreshToken._validate_claims": {"executed_lines": [35], "summary": {"covered_lines": 1, "num_statements": 3, "percent_covered": 33.333333333333336, "percent_covered_display": "33", "missing_lines": 2, "excluded_lines": 0}, "missing_lines": [36, 37], "excluded_lines": []}, "RefreshToken.for_user": {"executed_lines": [42, 43, 44, 51, 52], "summary": {"covered_lines": 5, "num_statements": 8, "percent_covered": 62.5, "percent_covered_display": "62", "missing_lines": 3, "excluded_lines": 0}, "missing_lines": [53, 54, 55], "excluded_lines": []}, "RefreshToken.payload": {"executed_lines": [], "summary": {"covered_lines": 0, "num_statements": 1, "percent_covered": 0.0, "percent_covered_display": "0", "missing_lines": 1, "excluded_lines": 0}, "missing_lines": [60], "excluded_lines": []}, "RefreshToken.access_token": {"executed_lines": [65, 71, 72, 73, 80], "summary": {"covered_lines": 5, "num_statements": 10, "percent_covered": 50.0, "percent_covered_display": "50", "missing_lines": 5, "excluded_lines": 0}, "missing_lines": [66, 69, 81, 82, 83], "excluded_lines": []}, "RefreshToken.verify": {"executed_lines": [], "summary": {"covered_lines": 0, "num_statements": 9, "percent_covered": 0.0, "percent_covered_display": "0", "missing_lines": 9, "excluded_lines": 0}, "missing_lines": [88, 89, 90, 91, 92, 93, 94, 95, 96], "excluded_lines": []}, "RefreshToken.__str__": {"executed_lines": [99], "summary": {"covered_lines": 1, "num_statements": 1, "percent_covered": 100.0, "percent_covered_display": "100", "missing_lines": 0, "excluded_lines": 0}, "missing_lines": [], "excluded_lines": []}, "RefreshToken.__bool__": {"executed_lines": [], "summary": {"covered_lines": 0, "num_statements": 1, "percent_covered": 0.0, "percent_covered_display": "0", "missing_lines": 1, "excluded_lines": 0}, "missing_lines": [102], "excluded_lines": []}, "": {"executed_lines": [2, 3, 5, 7, 9, 11, 14, 15, 18, 19, 21, 33, 39, 40, 57, 58, 62, 63, 85, 86, 98, 101], "summary": {"covered_lines": 22, "num_statements": 22, "percent_covered": 100.0, "percent_covered_display": "100", "missing_lines": 0, "excluded_lines": 0}, "missing_lines": [], "excluded_lines": []}}, "classes": {"TokenError": {"executed_lines": [], "summary": {"covered_lines": 0, "num_statements": 0, "percent_covered": 100.0, "percent_covered_display": "100", "missing_lines": 0, "excluded_lines": 0}, "missing_lines": [], "excluded_lines": []}, "RefreshToken": {"executed_lines": [22, 23, 25, 26, 27, 28, 35, 42, 43, 44, 51, 52, 65, 71, 72, 73, 80, 99], "summary": {"covered_lines": 18, "num_statements": 42, "percent_covered": 42.857142857142854, "percent_covered_display": "43", "missing_lines": 24, "excluded_lines": 0}, "missing_lines": [29, 30, 31, 36, 37, 53, 54, 55, 60, 66, 69, 81, 82, 83, 88, 89, 90, 91, 92, 93, 94, 95, 96, 102], "excluded_lines": []}, "": {"executed_lines": [2, 3, 5, 7, 9, 11, 14, 15, 18, 19, 21, 33, 39, 40, 57, 58, 62, 63, 85, 86, 98, 101], "summary": {"covered_lines": 22, "num_statements": 22, "percent_covered": 100.0, "percent_covered_display": "100", "missing_lines": 0, "excluded_lines": 0}, "missing_lines": [], "excluded_lines": []}}}, "dj_waanverse_auth\\services\\token_service.py": {"executed_lines": [1, 2, 3, 5, 6, 7, 9, 11, 14, 15, 17, 18, 19, 20, 21, 22, 23, 24, 27, 30, 33, 34, 35, 36, 38, 40, 49, 50, 52, 53, 54, 55, 56, 57, 58, 59, 60, 61, 63, 64, 66, 67, 68, 70, 76, 79, 80, 82, 83, 89, 90, 97, 99, 100, 101, 102, 104, 110, 111, 112, 113, 116, 124, 126, 133, 134, 136, 137, 144, 146, 157, 163, 168, 170, 175, 182, 183, 185, 186, 187, 189, 191, 193, 196, 197, 199, 200, 203, 204, 220, 222, 223, 232, 234, 235, 236], "summary": {"covered_lines": 94, "num_statements": 112, "percent_covered": 83.92857142857143, "percent_covered_display": "84", "missing_lines": 18, "excluded_lines": 0}, "missing_lines": [77, 94, 95, 152, 153, 154, 164, 165, 166, 194, 201, 211, 217, 218, 225, 230, 237, 238], "excluded_lines": [], "functions": {"CookieSettings.__init__": {"executed_lines": [18, 19, 20, 21, 22, 23, 24, 27, 30, 33, 34, 35, 36], "summary": {"covered_lines": 13, "num_statements": 13, "percent_covered": 100.0, "percent_covered_display": "100", "missing_lines": 0, "excluded_lines": 0}, "missing_lines": [], "excluded_lines": []}, "CookieSettings.get_cookie_params": {"executed_lines": [40], "summary": {"covered_lines": 1, "num_statements": 1, "percent_covered": 100.0, "percent_covered_display": "100", "missing_lines": 0, "excluded_lines": 0}, "missing_lines": [], "excluded_lines": []}, "TokenService.__init__": {"executed_lines": [53, 54, 55, 56, 57, 58, 59, 60, 61], "summary": {"covered_lines": 9, "num_statements": 9, "percent_covered": 100.0, "percent_covered_display": "100", "missing_lines": 0, "excluded_lines": 0}, "missing_lines": [], "excluded_lines": []}, "TokenService.tokens": {"executed_lines": [66, 67, 68], "summary": {"covered_lines": 3, "num_statements": 3, "percent_covered": 100.0, "percent_covered_display": "100", "missing_lines": 0, "excluded_lines": 0}, "missing_lines": [], "excluded_lines": []}, "TokenService.generate_tokens": {"executed_lines": [76, 79, 80, 82, 83, 89, 90], "summary": {"covered_lines": 7, "num_statements": 10, "percent_covered": 70.0, "percent_covered_display": "70", "missing_lines": 3, "excluded_lines": 0}, "missing_lines": [77, 94, 95], "excluded_lines": []}, "TokenService.generate_device_id": {"executed_lines": [99, 100, 101, 102], "summary": {"covered_lines": 4, "num_statements": 4, "percent_covered": 100.0, "percent_covered_display": "100", "missing_lines": 0, "excluded_lines": 0}, "missing_lines": [], "excluded_lines": []}, "TokenService.setup_login_cookies": {"executed_lines": [110, 111, 112, 113, 116, 124, 126, 133, 134, 136, 137, 144, 146, 157, 163], "summary": {"covered_lines": 15, "num_statements": 21, "percent_covered": 71.42857142857143, "percent_covered_display": "71", "missing_lines": 6, "excluded_lines": 0}, "missing_lines": [152, 153, 154, 164, 165, 166], "excluded_lines": []}, "TokenService.clear_all_cookies": {"executed_lines": [170, 175, 182, 183, 185, 186, 187, 189], "summary": {"covered_lines": 8, "num_statements": 8, "percent_covered": 100.0, "percent_covered_display": "100", "missing_lines": 0, "excluded_lines": 0}, "missing_lines": [], "excluded_lines": []}, "TokenService.handle_mfa_state": {"executed_lines": [193, 196, 197, 199, 200, 203, 204, 220], "summary": {"covered_lines": 8, "num_statements": 13, "percent_covered": 61.53846153846154, "percent_covered_display": "62", "missing_lines": 5, "excluded_lines": 0}, "missing_lines": [194, 201, 211, 217, 218], "excluded_lines": []}, "TokenService.get_token_from_cookies": {"executed_lines": [], "summary": {"covered_lines": 0, "num_statements": 2, "percent_covered": 0.0, "percent_covered_display": "0", "missing_lines": 2, "excluded_lines": 0}, "missing_lines": [225, 230], "excluded_lines": []}, "TokenService.verify_token": {"executed_lines": [234, 235, 236], "summary": {"covered_lines": 3, "num_statements": 5, "percent_covered": 60.0, "percent_covered_display": "60", "missing_lines": 2, "excluded_lines": 0}, "missing_lines": [237, 238], "excluded_lines": []}, "": {"executed_lines": [1, 2, 3, 5, 6, 7, 9, 11, 14, 15, 17, 38, 49, 50, 52, 63, 64, 70, 97, 104, 168, 191, 222, 223, 232], "summary": {"covered_lines": 23, "num_statements": 23, "percent_covered": 100.0, "percent_covered_display": "100", "missing_lines": 0, "excluded_lines": 0}, "missing_lines": [], "excluded_lines": []}}, "classes": {"CookieSettings": {"executed_lines": [18, 19, 20, 21, 22, 23, 24, 27, 30, 33, 34, 35, 36, 40], "summary": {"covered_lines": 14, "num_statements": 14, "percent_covered": 100.0, "percent_covered_display": "100", "missing_lines": 0, "excluded_lines": 0}, "missing_lines": [], "excluded_lines": []}, "TokenService": {"executed_lines": [53, 54, 55, 56, 57, 58, 59, 60, 61, 66, 67, 68, 76, 79, 80, 82, 83, 89, 90, 99, 100, 101, 102, 110, 111, 112, 113, 116, 124, 126, 133, 134, 136, 137, 144, 146, 157, 163, 170, 175, 182, 183, 185, 186, 187, 189, 193, 196, 197, 199, 200, 203, 204, 220, 234, 235, 236], "summary": {"covered_lines": 57, "num_statements": 75, "percent_covered": 76.0, "percent_covered_display": "76", "missing_lines": 18, "excluded_lines": 0}, "missing_lines": [77, 94, 95, 152, 153, 154, 164, 165, 166, 194, 201, 211, 217, 218, 225, 230, 237, 238], "excluded_lines": []}, "": {"executed_lines": [1, 2, 3, 5, 6, 7, 9, 11, 14, 15, 17, 38, 49, 50, 52, 63, 64, 70, 97, 104, 168, 191, 222, 223, 232], "summary": {"covered_lines": 23, "num_statements": 23, "percent_covered": 100.0, "percent_covered_display": "100", "missing_lines": 0, "excluded_lines": 0}, "missing_lines": [], "excluded_lines": []}}}, "dj_waanverse_auth\\services\\utils.py": {"executed_lines": [1, 2, 4, 5, 6, 7, 8, 10, 12, 15, 16, 19, 20, 24, 29, 32, 33, 34, 36, 37, 39, 52, 56, 59, 60, 61, 73, 92, 96, 99, 100, 101, 104, 105, 106, 107, 114, 128, 129], "summary": {"covered_lines": 39, "num_statements": 72, "percent_covered": 54.166666666666664, "percent_covered_display": "54", "missing_lines": 33, "excluded_lines": 0}, "missing_lines": [30, 41, 42, 43, 44, 45, 46, 47, 48, 49, 57, 75, 76, 77, 78, 79, 80, 81, 82, 83, 84, 85, 86, 87, 88, 89, 97, 102, 109, 110, 111, 130, 131], "excluded_lines": [], "functions": {"get_key": {"executed_lines": [24, 29, 32, 33, 34, 36, 37, 39], "summary": {"covered_lines": 8, "num_statements": 18, "percent_covered": 44.44444444444444, "percent_covered_display": "44", "missing_lines": 10, "excluded_lines": 0}, "missing_lines": [30, 41, 42, 43, 44, 45, 46, 47, 48, 49], "excluded_lines": []}, "decode_token": {"executed_lines": [56, 59, 60, 61, 73], "summary": {"covered_lines": 5, "num_statements": 21, "percent_covered": 23.80952380952381, "percent_covered_display": "24", "missing_lines": 16, "excluded_lines": 0}, "missing_lines": [57, 75, 76, 77, 78, 79, 80, 81, 82, 83, 84, 85, 86, 87, 88, 89], "excluded_lines": []}, "encode_token": {"executed_lines": [96, 99, 100, 101, 104, 105, 106, 107], "summary": {"covered_lines": 8, "num_statements": 13, "percent_covered": 61.53846153846154, "percent_covered_display": "62", "missing_lines": 5, "excluded_lines": 0}, "missing_lines": [97, 102, 109, 110, 111], "excluded_lines": []}, "get_serializer_class": {"executed_lines": [128, 129], "summary": {"covered_lines": 2, "num_statements": 4, "percent_covered": 50.0, "percent_covered_display": "50", "missing_lines": 2, "excluded_lines": 0}, "missing_lines": [130, 131], "excluded_lines": []}, "": {"executed_lines": [1, 2, 4, 5, 6, 7, 8, 10, 12, 15, 16, 19, 20, 52, 92, 114], "summary": {"covered_lines": 16, "num_statements": 16, "percent_covered": 100.0, "percent_covered_display": "100", "missing_lines": 0, "excluded_lines": 0}, "missing_lines": [], "excluded_lines": []}}, "classes": {"KeyLoadError": {"executed_lines": [], "summary": {"covered_lines": 0, "num_statements": 0, "percent_covered": 100.0, "percent_covered_display": "100", "missing_lines": 0, "excluded_lines": 0}, "missing_lines": [], "excluded_lines": []}, "": {"executed_lines": [1, 2, 4, 5, 6, 7, 8, 10, 12, 15, 16, 19, 20, 24, 29, 32, 33, 34, 36, 37, 39, 52, 56, 59, 60, 61, 73, 92, 96, 99, 100, 101, 104, 105, 106, 107, 114, 128, 129], "summary": {"covered_lines": 39, "num_statements": 72, "percent_covered": 54.166666666666664, "percent_covered_display": "54", "missing_lines": 33, "excluded_lines": 0}, "missing_lines": [30, 41, 42, 43, 44, 45, 46, 47, 48, 49, 57, 75, 76, 77, 78, 79, 80, 81, 82, 83, 84, 85, 86, 87, 88, 89, 97, 102, 109, 110, 111, 130, 131], "excluded_lines": []}}}, "dj_waanverse_auth\\templatetags\\waanverse_tags.py": {"executed_lines": [1, 2, 4, 7, 8], "summary": {"covered_lines": 5, "num_statements": 20, "percent_covered": 25.0, "percent_covered_display": "25", "missing_lines": 15, "excluded_lines": 0}, "missing_lines": [9, 10, 12, 13, 14, 16, 17, 18, 19, 20, 21, 23, 25, 26, 28], "excluded_lines": [], "functions": {"device_info": {"executed_lines": [], "summary": {"covered_lines": 0, "num_statements": 15, "percent_covered": 0.0, "percent_covered_display": "0", "missing_lines": 15, "excluded_lines": 0}, "missing_lines": [9, 10, 12, 13, 14, 16, 17, 18, 19, 20, 21, 23, 25, 26, 28], "excluded_lines": []}, "": {"executed_lines": [1, 2, 4, 7, 8], "summary": {"covered_lines": 5, "num_statements": 5, "percent_covered": 100.0, "percent_covered_display": "100", "missing_lines": 0, "excluded_lines": 0}, "missing_lines": [], "excluded_lines": []}}, "classes": {"": {"executed_lines": [1, 2, 4, 7, 8], "summary": {"covered_lines": 5, "num_statements": 20, "percent_covered": 25.0, "percent_covered_display": "25", "missing_lines": 15, "excluded_lines": 0}, "missing_lines": [9, 10, 12, 13, 14, 16, 17, 18, 19, 20, 21, 23, 25, 26, 28], "excluded_lines": []}}}, "dj_waanverse_auth\\throttles.py": {"executed_lines": [1, 4, 5, 7, 8, 9, 10, 11], "summary": {"covered_lines": 8, "num_statements": 8, "percent_covered": 100.0, "percent_covered_display": "100", "missing_lines": 0, "excluded_lines": 0}, "missing_lines": [], "excluded_lines": [], "functions": {"EmailVerificationThrottle.get_cache_key": {"executed_lines": [8, 9, 10, 11], "summary": {"covered_lines": 4, "num_statements": 4, "percent_covered": 100.0, "percent_covered_display": "100", "missing_lines": 0, "excluded_lines": 0}, "missing_lines": [], "excluded_lines": []}, "": {"executed_lines": [1, 4, 5, 7], "summary": {"covered_lines": 4, "num_statements": 4, "percent_covered": 100.0, "percent_covered_display": "100", "missing_lines": 0, "excluded_lines": 0}, "missing_lines": [], "excluded_lines": []}}, "classes": {"EmailVerificationThrottle": {"executed_lines": [8, 9, 10, 11], "summary": {"covered_lines": 4, "num_statements": 4, "percent_covered": 100.0, "percent_covered_display": "100", "missing_lines": 0, "excluded_lines": 0}, "missing_lines": [], "excluded_lines": []}, "": {"executed_lines": [1, 4, 5, 7], "summary": {"covered_lines": 4, "num_statements": 4, "percent_covered": 100.0, "percent_covered_display": "100", "missing_lines": 0, "excluded_lines": 0}, "missing_lines": [], "excluded_lines": []}}}, "dj_waanverse_auth\\urls.py": {"executed_lines": [1, 3, 11], "summary": {"covered_lines": 3, "num_statements": 3, "percent_covered": 100.0, "percent_covered_display": "100", "missing_lines": 0, "excluded_lines": 0}, "missing_lines": [], "excluded_lines": [], "functions": {"": {"executed_lines": [1, 3, 11], "summary": {"covered_lines": 3, "num_statements": 3, "percent_covered": 100.0, "percent_covered_display": "100", "missing_lines": 0, "excluded_lines": 0}, "missing_lines": [], "excluded_lines": []}}, "classes": {"": {"executed_lines": [1, 3, 11], "summary": {"covered_lines": 3, "num_statements": 3, "percent_covered": 100.0, "percent_covered_display": "100", "missing_lines": 0, "excluded_lines": 0}, "missing_lines": [], "excluded_lines": []}}}, "dj_waanverse_auth\\version.py": {"executed_lines": [1], "summary": {"covered_lines": 1, "num_statements": 1, "percent_covered": 100.0, "percent_covered_display": "100", "missing_lines": 0, "excluded_lines": 0}, "missing_lines": [], "excluded_lines": [], "functions": {"": {"executed_lines": [1], "summary": {"covered_lines": 1, "num_statements": 1, "percent_covered": 100.0, "percent_covered_display": "100", "missing_lines": 0, "excluded_lines": 0}, "missing_lines": [], "excluded_lines": []}}, "classes": {"": {"executed_lines": [1], "summary": {"covered_lines": 1, "num_statements": 1, "percent_covered": 100.0, "percent_covered_display": "100", "missing_lines": 0, "excluded_lines": 0}, "missing_lines": [], "excluded_lines": []}}}, "dj_waanverse_auth\\views\\authorization_views.py": {"executed_lines": [1, 3, 4, 5, 6, 8, 9, 10, 12, 15, 16, 17, 18, 24, 25, 26, 32, 36, 37, 44, 46, 48, 49, 58, 61, 62, 65, 70, 84, 85, 86, 97, 98, 99], "summary": {"covered_lines": 34, "num_statements": 43, "percent_covered": 79.06976744186046, "percent_covered_display": "79", "missing_lines": 9, "excluded_lines": 0}, "missing_lines": [50, 72, 73, 74, 81, 87, 91, 100, 101], "excluded_lines": [], "functions": {"home_page": {"executed_lines": [18], "summary": {"covered_lines": 1, "num_statements": 1, "percent_covered": 100.0, "percent_covered_display": "100", "missing_lines": 0, "excluded_lines": 0}, "missing_lines": [], "excluded_lines": []}, "refresh_access_token": {"executed_lines": [32, 36, 37, 44, 46, 48, 49, 58, 61, 62, 65, 70], "summary": {"covered_lines": 12, "num_statements": 17, "percent_covered": 70.58823529411765, "percent_covered_display": "71", "missing_lines": 5, "excluded_lines": 0}, "missing_lines": [50, 72, 73, 74, 81], "excluded_lines": []}, "authenticated_user": {"executed_lines": [], "summary": {"covered_lines": 0, "num_statements": 2, "percent_covered": 0.0, "percent_covered_display": "0", "missing_lines": 2, "excluded_lines": 0}, "missing_lines": [87, 91], "excluded_lines": []}, "logout_view": {"executed_lines": [], "summary": {"covered_lines": 0, "num_statements": 2, "percent_covered": 0.0, "percent_covered_display": "0", "missing_lines": 2, "excluded_lines": 0}, "missing_lines": [100, 101], "excluded_lines": []}, "": {"executed_lines": [1, 3, 4, 5, 6, 8, 9, 10, 12, 15, 16, 17, 24, 25, 26, 84, 85, 86, 97, 98, 99], "summary": {"covered_lines": 21, "num_statements": 21, "percent_covered": 100.0, "percent_covered_display": "100", "missing_lines": 0, "excluded_lines": 0}, "missing_lines": [], "excluded_lines": []}}, "classes": {"": {"executed_lines": [1, 3, 4, 5, 6, 8, 9, 10, 12, 15, 16, 17, 18, 24, 25, 26, 32, 36, 37, 44, 46, 48, 49, 58, 61, 62, 65, 70, 84, 85, 86, 97, 98, 99], "summary": {"covered_lines": 34, "num_statements": 43, "percent_covered": 79.06976744186046, "percent_covered_display": "79", "missing_lines": 9, "excluded_lines": 0}, "missing_lines": [50, 72, 73, 74, 81, 87, 91, 100, 101], "excluded_lines": []}}}, "dj_waanverse_auth\\views\\login_views.py": {"executed_lines": [1, 3, 4, 5, 6, 7, 9, 10, 11, 12, 13, 15, 18, 19, 20, 22, 23, 24, 25, 26, 27, 28, 32, 33, 37, 40, 41, 42, 43, 46, 49, 56, 57, 58, 59, 60, 61, 62, 63, 64, 65, 67, 68, 69, 70, 77, 78, 79, 82, 83, 84, 93, 94, 104, 106, 108, 114, 115, 117, 118, 120, 121, 122, 126, 134, 135, 136, 137, 138, 139, 140, 141, 143], "summary": {"covered_lines": 73, "num_statements": 80, "percent_covered": 91.25, "percent_covered_display": "91", "missing_lines": 7, "excluded_lines": 0}, "missing_lines": [72, 73, 74, 85, 95, 96, 109], "excluded_lines": [], "functions": {"login_view": {"executed_lines": [22, 23, 24, 25, 26, 27, 28, 32, 33, 37, 40, 41, 42, 43, 46, 49, 56, 57, 58, 59, 60, 61, 62, 63, 64, 65, 67, 68, 69, 70], "summary": {"covered_lines": 30, "num_statements": 33, "percent_covered": 90.9090909090909, "percent_covered_display": "91", "missing_lines": 3, "excluded_lines": 0}, "missing_lines": [72, 73, 74], "excluded_lines": []}, "mfa_login_view": {"executed_lines": [82, 83, 84, 93, 94, 104, 106, 108, 114, 115, 117, 118, 120, 121, 122, 126, 134, 135, 136, 137, 138, 139, 140, 141, 143], "summary": {"covered_lines": 25, "num_statements": 29, "percent_covered": 86.20689655172414, "percent_covered_display": "86", "missing_lines": 4, "excluded_lines": 0}, "missing_lines": [85, 95, 96, 109], "excluded_lines": []}, "": {"executed_lines": [1, 3, 4, 5, 6, 7, 9, 10, 11, 12, 13, 15, 18, 19, 20, 77, 78, 79], "summary": {"covered_lines": 18, "num_statements": 18, "percent_covered": 100.0, "percent_covered_display": "100", "missing_lines": 0, "excluded_lines": 0}, "missing_lines": [], "excluded_lines": []}}, "classes": {"": {"executed_lines": [1, 3, 4, 5, 6, 7, 9, 10, 11, 12, 13, 15, 18, 19, 20, 22, 23, 24, 25, 26, 27, 28, 32, 33, 37, 40, 41, 42, 43, 46, 49, 56, 57, 58, 59, 60, 61, 62, 63, 64, 65, 67, 68, 69, 70, 77, 78, 79, 82, 83, 84, 93, 94, 104, 106, 108, 114, 115, 117, 118, 120, 121, 122, 126, 134, 135, 136, 137, 138, 139, 140, 141, 143], "summary": {"covered_lines": 73, "num_statements": 80, "percent_covered": 91.25, "percent_covered_display": "91", "missing_lines": 7, "excluded_lines": 0}, "missing_lines": [72, 73, 74, 85, 95, 96, 109], "excluded_lines": []}}}, "dj_waanverse_auth\\views\\mfa_views.py": {"executed_lines": [1, 2, 3, 4, 5, 7, 10, 11, 12, 14, 15, 17, 23, 24, 26, 32, 33, 34, 36, 37, 39, 44, 46, 52, 53, 58, 60, 63, 64, 65, 67, 68, 70, 75, 76, 78, 79, 84, 85, 90, 91, 92, 95, 100, 102, 105, 106, 107, 109, 110, 112, 117, 119, 122, 123, 124, 153, 154, 155, 160, 161, 163, 169, 171, 172, 177], "summary": {"covered_lines": 66, "num_statements": 84, "percent_covered": 78.57142857142857, "percent_covered_display": "79", "missing_lines": 18, "excluded_lines": 0}, "missing_lines": [19, 40, 47, 71, 93, 113, 126, 127, 129, 130, 134, 136, 137, 141, 143, 144, 148, 164], "excluded_lines": [], "functions": {"get_mfa_secret_view": {"executed_lines": [14, 15, 17, 23, 24, 26], "summary": {"covered_lines": 6, "num_statements": 7, "percent_covered": 85.71428571428571, "percent_covered_display": "86", "missing_lines": 1, "excluded_lines": 0}, "missing_lines": [19], "excluded_lines": []}, "activate_mfa_view": {"executed_lines": [36, 37, 39, 44, 46, 52, 53, 58, 60], "summary": {"covered_lines": 9, "num_statements": 11, "percent_covered": 81.81818181818181, "percent_covered_display": "82", "missing_lines": 2, "excluded_lines": 0}, "missing_lines": [40, 47], "excluded_lines": []}, "deactivate_mfa_view": {"executed_lines": [67, 68, 70, 75, 76, 78, 79, 84, 85, 90, 91, 92, 95, 100, 102], "summary": {"covered_lines": 15, "num_statements": 17, "percent_covered": 88.23529411764706, "percent_covered_display": "88", "missing_lines": 2, "excluded_lines": 0}, "missing_lines": [71, 93], "excluded_lines": []}, "generate_recovery_codes_view": {"executed_lines": [109, 110, 112, 117, 119], "summary": {"covered_lines": 5, "num_statements": 6, "percent_covered": 83.33333333333333, "percent_covered_display": "83", "missing_lines": 1, "excluded_lines": 0}, "missing_lines": [113], "excluded_lines": []}, "verify_mfa_token_view": {"executed_lines": [], "summary": {"covered_lines": 0, "num_statements": 11, "percent_covered": 0.0, "percent_covered_display": "0", "missing_lines": 11, "excluded_lines": 0}, "missing_lines": [126, 127, 129, 130, 134, 136, 137, 141, 143, 144, 148], "excluded_lines": []}, "get_recovery_codes_view": {"executed_lines": [160, 161, 163, 169, 171, 172, 177], "summary": {"covered_lines": 7, "num_statements": 8, "percent_covered": 87.5, "percent_covered_display": "88", "missing_lines": 1, "excluded_lines": 0}, "missing_lines": [164], "excluded_lines": []}, "": {"executed_lines": [1, 2, 3, 4, 5, 7, 10, 11, 12, 32, 33, 34, 63, 64, 65, 105, 106, 107, 122, 123, 124, 153, 154, 155], "summary": {"covered_lines": 24, "num_statements": 24, "percent_covered": 100.0, "percent_covered_display": "100", "missing_lines": 0, "excluded_lines": 0}, "missing_lines": [], "excluded_lines": []}}, "classes": {"": {"executed_lines": [1, 2, 3, 4, 5, 7, 10, 11, 12, 14, 15, 17, 23, 24, 26, 32, 33, 34, 36, 37, 39, 44, 46, 52, 53, 58, 60, 63, 64, 65, 67, 68, 70, 75, 76, 78, 79, 84, 85, 90, 91, 92, 95, 100, 102, 105, 106, 107, 109, 110, 112, 117, 119, 122, 123, 124, 153, 154, 155, 160, 161, 163, 169, 171, 172, 177], "summary": {"covered_lines": 66, "num_statements": 84, "percent_covered": 78.57142857142857, "percent_covered_display": "79", "missing_lines": 18, "excluded_lines": 0}, "missing_lines": [19, 40, 47, 71, 93, 113, 126, 127, 129, 130, 134, 136, 137, 141, 143, 144, 148, 164], "excluded_lines": []}}}, "dj_waanverse_auth\\views\\password_reset_views.py": {"executed_lines": [1, 3, 4, 5, 6, 7, 9, 13, 15, 17, 20, 21, 22, 23, 25, 27, 28, 29, 31, 38, 39, 48, 49, 50, 52, 54, 55, 56, 58, 62, 63], "summary": {"covered_lines": 31, "num_statements": 37, "percent_covered": 83.78378378378379, "percent_covered_display": "84", "missing_lines": 6, "excluded_lines": 0}, "missing_lines": [40, 41, 42, 64, 65, 66], "excluded_lines": [], "functions": {"initiate_password_reset_view": {"executed_lines": [25, 27, 28, 29, 31, 38, 39], "summary": {"covered_lines": 7, "num_statements": 10, "percent_covered": 70.0, "percent_covered_display": "70", "missing_lines": 3, "excluded_lines": 0}, "missing_lines": [40, 41, 42], "excluded_lines": []}, "reset_password_view": {"executed_lines": [52, 54, 55, 56, 58, 62, 63], "summary": {"covered_lines": 7, "num_statements": 10, "percent_covered": 70.0, "percent_covered_display": "70", "missing_lines": 3, "excluded_lines": 0}, "missing_lines": [64, 65, 66], "excluded_lines": []}, "": {"executed_lines": [1, 3, 4, 5, 6, 7, 9, 13, 15, 17, 20, 21, 22, 23, 48, 49, 50], "summary": {"covered_lines": 17, "num_statements": 17, "percent_covered": 100.0, "percent_covered_display": "100", "missing_lines": 0, "excluded_lines": 0}, "missing_lines": [], "excluded_lines": []}}, "classes": {"": {"executed_lines": [1, 3, 4, 5, 6, 7, 9, 13, 15, 17, 20, 21, 22, 23, 25, 27, 28, 29, 31, 38, 39, 48, 49, 50, 52, 54, 55, 56, 58, 62, 63], "summary": {"covered_lines": 31, "num_statements": 37, "percent_covered": 83.78378378378379, "percent_covered_display": "84", "missing_lines": 6, "excluded_lines": 0}, "missing_lines": [40, 41, 42, 64, 65, 66], "excluded_lines": []}}}, "dj_waanverse_auth\\views\\signup_views.py": {"executed_lines": [1, 3, 4, 5, 6, 8, 12, 13, 14, 15, 17, 20, 21, 22, 23, 25, 26, 27, 28, 29, 30, 39, 40, 41, 47, 48, 49, 53, 54, 55, 56, 57, 66, 69, 70, 71, 75, 76, 77, 78, 79, 80, 81, 90, 91, 92, 93, 94, 95, 96, 98, 110], "summary": {"covered_lines": 52, "num_statements": 55, "percent_covered": 94.54545454545455, "percent_covered_display": "95", "missing_lines": 3, "excluded_lines": 0}, "missing_lines": [99, 100, 101], "excluded_lines": [], "functions": {"initiate_email_verification": {"executed_lines": [25, 26, 27, 28, 29, 30, 39, 40, 41], "summary": {"covered_lines": 9, "num_statements": 9, "percent_covered": 100.0, "percent_covered_display": "100", "missing_lines": 0, "excluded_lines": 0}, "missing_lines": [], "excluded_lines": []}, "verify_email": {"executed_lines": [53, 54, 55, 56, 57, 66], "summary": {"covered_lines": 6, "num_statements": 6, "percent_covered": 100.0, "percent_covered_display": "100", "missing_lines": 0, "excluded_lines": 0}, "missing_lines": [], "excluded_lines": []}, "signup_view": {"executed_lines": [75, 76, 77, 78, 79, 80, 81, 90, 91, 92, 93, 94, 95, 96, 98, 110], "summary": {"covered_lines": 16, "num_statements": 19, "percent_covered": 84.21052631578948, "percent_covered_display": "84", "missing_lines": 3, "excluded_lines": 0}, "missing_lines": [99, 100, 101], "excluded_lines": []}, "": {"executed_lines": [1, 3, 4, 5, 6, 8, 12, 13, 14, 15, 17, 20, 21, 22, 23, 47, 48, 49, 69, 70, 71], "summary": {"covered_lines": 21, "num_statements": 21, "percent_covered": 100.0, "percent_covered_display": "100", "missing_lines": 0, "excluded_lines": 0}, "missing_lines": [], "excluded_lines": []}}, "classes": {"": {"executed_lines": [1, 3, 4, 5, 6, 8, 12, 13, 14, 15, 17, 20, 21, 22, 23, 25, 26, 27, 28, 29, 30, 39, 40, 41, 47, 48, 49, 53, 54, 55, 56, 57, 66, 69, 70, 71, 75, 76, 77, 78, 79, 80, 81, 90, 91, 92, 93, 94, 95, 96, 98, 110], "summary": {"covered_lines": 52, "num_statements": 55, "percent_covered": 94.54545454545455, "percent_covered_display": "95", "missing_lines": 3, "excluded_lines": 0}, "missing_lines": [99, 100, 101], "excluded_lines": []}}}}, "totals": {"covered_lines": 1150, "num_statements": 1423, "percent_covered": 80.81517919887561, "percent_covered_display": "81", "missing_lines": 273, "excluded_lines": 0}}